<?xml version="1.0"?>
<testsuite name="HeadlessChrome 96.0.4664 (Windows 10.0.0)" package="" timestamp="2021-12-28T10:58:29" id="0" hostname="DESKTOP-7EV3HUA" tests="7" errors="0" failures="0" time="1.86">
  <properties>
    <property name="browser.fullName" value="Mozilla/5.0 (Windows NT 10.0; Win64; x64) AppleWebKit/537.36 (KHTML, like Gecko) HeadlessChrome/96.0.4664.110 Safari/537.36"/>
  </properties>
  <testcase name="irtc test cretae local get token join room pub sub 基础功能测试 " time="0.436" classname="irtc test"/>
  <testcase name="irtc test subscription mute" time="0.492" classname="irtc test"/>
  <testcase name="irtc test test " time="0.009" classname="irtc test"/>
  <testcase name="irtc test stream list" time="0.017" classname="irtc test"/>
  <testcase name="irtc test  get start " time="0.4" classname="irtc test"/>
  <testcase name="irtc test subscription apply options" time="0.436" classname="irtc test"/>
  <testcase name="irtc test room create room ,update room,detail room ,room list,delete room相关基础测试" time="0.07" classname="irtc test"/>
  <system-out>
    <![CDATA[HeadlessChrome 96.0.4664 (Windows 10.0.0) ERROR: 'DEPRECATION: Setting specFilter directly on Env is deprecated and will be removed in a future version of Jasmine, please use the specFilter option in `configure`'
,HeadlessChrome 96.0.4664 (Windows 10.0.0) ERROR: 'DEPRECATION: An asynchronous before/it/after function was defined with the async keyword but also took a done callback. This is not supported and will stop working in the future. Either remove the done callback (recommended) or remove the async keyword. (in suite: irtc test)'
,HeadlessChrome 96.0.4664 (Windows 10.0.0) LOG: 'create media stream success: ', '[object MediaStream]'
,HeadlessChrome 96.0.4664 (Windows 10.0.0) LOG: MediaStream{}
,HeadlessChrome 96.0.4664 (Windows 10.0.0) LOG: 'get authorization success'
,HeadlessChrome 96.0.4664 (Windows 10.0.0) LOG: 'change Authorization', 'MAuth realm=http://marte3.dit.upm.es,mauth_signature_method=HMAC_SHA256,mauth_serviceid=6130b4ed5de49f7e97616913,mauth_cnonce=420e2a73a48ef200,mauth_timestamp=1640689080401,mauth_signature=ZmFmMzA1ZjdmNGUxNTdhMGZiZjA4YzQxNWViZmY0M2FmOTMyZjRmZTk3YWZmNGRmY2ZhODY3ZDExMTczYTlmNA=='
,HeadlessChrome 96.0.4664 (Windows 10.0.0) LOG: 'create room success', '{"__v":0,"name":"noah","_id":"61caedb8f90e8f055b3e5205","notifying":{"streamChange":true,"participantActivities":true},"transcoding":{"video":{"parameters":{"keyFrameInterval":true,"bitrate":true,"framerate":true,"resolution":true},"format":true},"audio":true},"mediaOut":{"video":{"parameters":{"keyFrameInterval":[100,30,5,2,1],"bitrate":["x0.8","x0.6","x0.4","x0.2"],"framerate":[6,12,15,24,30,48,60],"resolution":["x3/4","x2/3","x1/2","x1/3","x1/4","hd1080p","hd720p","svga","vga","qvga","cif"]},"format":[{"codec":"vp8"},{"profile":"CB","codec":"h264"},{"codec":"vp9"}]},"audio":[{"channelNum":2,"sampleRate":48000,"codec":"opus"},{"sampleRate":16000,"codec":"isac"},{"sampleRate":32000,"codec":"isac"},{"channelNum":1,"sampleRate":16000,"codec":"g722"},{"codec":"pcma"},{"codec":"pcmu"},{"channelNum":2,"sampleRate":48000,"codec":"aac"},{"codec":"ac3"},{"codec":"nellymoser"},{"codec":"ilbc"},{"codec":"pcm_8000_1"},{"codec":"pcm_16000_1"}]},"mediaIn":{"video":[{"codec":"h264"},{"codec":"vp8"},{"codec":"vp9"}],"audio":[{"channelNum":2,"sampleRate":48000,"codec":"opus"},{"sampleRate":16000,"codec":"isac"},{"sampleRate":32000,"codec":"isac"},{"channelNum":1,"sampleRate":16000,"codec":"g722"},{"codec":"pcma"},{"codec":"pcmu"},{"codec":"aac"},{"codec":"ac3"},{"codec":"nellymoser"},{"codec":"ilbc"},{"codec":"pcm_8000_1"},{"codec":"pcm_16000_1"}]},"views":[{"video":{"layout":{"templates":{"custom":[],"base":"fluid"},"fitPolicy":"letterbox"},"keepActiveInputPrimary":false,"bgColor":{"b":0,"g":0,"r":0},"motionFactor":0.8,"maxInput":16,"parameters":{"keyFrameInterval":100,"framerate":24,"resolution":{"height":480,"width":640}},"format":{"codec":"vp8"}},"audio":{"vad":true,"format":{"codec":"opus","sampleRate":48000,"channelNum":2}},"label":"common"}],"roles":[{"subscribe":{"video":true,"audio":true},"publish":{"video":true,"audio":true},"role":"presenter"},{"subscribe":{"video":true,"audio":true},"publish":{"video":false,"audio":false},"role":"viewer"},{"subscribe":{"video":false,"audio":true},"publish":{"video":false,"audio":true},"role":"audio_only_presenter"},{"subscribe":{"video":true,"audio":false},"publish":{"video":false,"audio":false},"role":"video_only_viewer"},{"subscribe":{"video":true,"audio":true},"publish":{"video":true,"audio":true},"role":"sip"}],"participantLimit":-1,"inputLimit":-1,"id":"61caedb8f90e8f055b3e5205"}'
,HeadlessChrome 96.0.4664 (Windows 10.0.0) LOG: 'change roomId', '61caedb8f90e8f055b3e5205'
,HeadlessChrome 96.0.4664 (Windows 10.0.0) LOG: 'get room list success', '[{"_id":"61caeabde796300561aab531","name":"noah","__v":0,"notifying":{"streamChange":true,"participantActivities":true},"transcoding":{"video":{"parameters":{"keyFrameInterval":true,"bitrate":true,"framerate":true,"resolution":true},"format":true},"audio":true},"mediaOut":{"video":{"parameters":{"keyFrameInterval":[100,30,5,2,1],"bitrate":["x0.8","x0.6","x0.4","x0.2"],"framerate":[6,12,15,24,30,48,60],"resolution":["x3/4","x2/3","x1/2","x1/3","x1/4","hd1080p","hd720p","svga","vga","qvga","cif"]},"format":[{"codec":"vp8"},{"codec":"h264","profile":"CB"},{"codec":"vp9"}]},"audio":[{"codec":"opus","sampleRate":48000,"channelNum":2},{"codec":"isac","sampleRate":16000},{"codec":"isac","sampleRate":32000},{"codec":"g722","sampleRate":16000,"channelNum":1},{"codec":"pcma"},{"codec":"pcmu"},{"codec":"aac","sampleRate":48000,"channelNum":2},{"codec":"ac3"},{"codec":"nellymoser"},{"codec":"ilbc"},{"codec":"pcm_8000_1"},{"codec":"pcm_16000_1"}]},"mediaIn":{"video":[{"codec":"h264"},{"codec":"vp8"},{"codec":"vp9"}],"audio":[{"codec":"opus","sampleRate":48000,"channelNum":2},{"codec":"isac","sampleRate":16000},{"codec":"isac","sampleRate":32000},{"codec":"g722","sampleRate":16000,"channelNum":1},{"codec":"pcma"},{"codec":"pcmu"},{"codec":"aac"},{"codec":"ac3"},{"codec":"nellymoser"},{"codec":"ilbc"},{"codec":"pcm_8000_1"},{"codec":"pcm_16000_1"}]},"views":[{"video":{"layout":{"templates":{"custom":[],"base":"fluid"},"fitPolicy":"letterbox"},"keepActiveInputPrimary":false,"bgColor":{"b":0,"g":0,"r":0},"motionFactor":0.8,"maxInput":16,"parameters":{"keyFrameInterval":100,"framerate":24,"resolution":{"height":480,"width":640}},"format":{"codec":"vp8"}},"audio":{"vad":true,"format":{"codec":"opus","sampleRate":48000,"channelNum":2}},"label":"common"}],"roles":[{"role":"presenter","publish":{"audio":true,"video":true},"subscribe":{"audio":true,"video":true}},{"role":"viewer","publish":{"audio":false,"video":false},"subscribe":{"audio":true,"video":true}},{"role":"audio_only_presenter","publish":{"audio":true,"video":false},"subscribe":{"audio":true,"video":false}},{"role":"video_only_viewer","publish":{"audio":false,"video":false},"subscribe":{"audio":false,"video":true}},{"role":"sip","publish":{"audio":true,"video":true},"subscribe":{"audio":true,"video":true}}],"participantLimit":-1,"inputLimit":-1,"id":"61caeabde796300561aab531"},{"_id":"61caead0c4231a055980add0","name":"noah","__v":0,"notifying":{"streamChange":true,"participantActivities":true},"transcoding":{"video":{"parameters":{"keyFrameInterval":true,"bitrate":true,"framerate":true,"resolution":true},"format":true},"audio":true},"mediaOut":{"video":{"parameters":{"keyFrameInterval":[100,30,5,2,1],"bitrate":["x0.8","x0.6","x0.4","x0.2"],"framerate":[6,12,15,24,30,48,60],"resolution":["x3/4","x2/3","x1/2","x1/3","x1/4","hd1080p","hd720p","svga","vga","qvga","cif"]},"format":[{"codec":"vp8"},{"codec":"h264","profile":"CB"},{"codec":"vp9"}]},"audio":[{"codec":"opus","sampleRate":48000,"channelNum":2},{"codec":"isac","sampleRate":16000},{"codec":"isac","sampleRate":32000},{"codec":"g722","sampleRate":16000,"channelNum":1},{"codec":"pcma"},{"codec":"pcmu"},{"codec":"aac","sampleRate":48000,"channelNum":2},{"codec":"ac3"},{"codec":"nellymoser"},{"codec":"ilbc"},{"codec":"pcm_8000_1"},{"codec":"pcm_16000_1"}]},"mediaIn":{"video":[{"codec":"h264"},{"codec":"vp8"},{"codec":"vp9"}],"audio":[{"codec":"opus","sampleRate":48000,"channelNum":2},{"codec":"isac","sampleRate":16000},{"codec":"isac","sampleRate":32000},{"codec":"g722","sampleRate":16000,"channelNum":1},{"codec":"pcma"},{"codec":"pcmu"},{"codec":"aac"},{"codec":"ac3"},{"codec":"nellymoser"},{"codec":"ilbc"},{"codec":"pcm_8000_1"},{"codec":"pcm_16000_1"}]},"views":[{"video":{"layout":{"templates":{"custom":[],"base":"fluid"},"fitPolicy":"letterbox"},"keepActiveInputPrimary":false,"bgColor":{"b":0,"g":0,"r":0},"motionFactor":0.8,"maxInput":16,"parameters":{"keyFrameInterval":100,"framerate":24,"resolution":{"height":480,"width":640}},"format":{"codec":"vp8"}},"audio":{"vad":true,"format":{"codec":"opus","sampleRate":48000,"channelNum":2}},"label":"common"}],"roles":[{"role":"presenter","publish":{"audio":true,"video":true},"subscribe":{"audio":true,"video":true}},{"role":"viewer","publish":{"audio":false,"video":false},"subscribe":{"audio":true,"video":true}},{"role":"audio_only_presenter","publish":{"audio":true,"video":false},"subscribe":{"audio":true,"video":false}},{"role":"video_only_viewer","publish":{"audio":false,"video":false},"subscribe":{"audio":false,"video":true}},{"role":"sip","publish":{"audio":true,"video":true},"subscribe":{"audio":true,"video":true}}],"participantLimit":-1,"inputLimit":-1,"id":"61caead0c4231a055980add0"},{"_id":"61caeaeb48371605551aadfa","name":"noah","__v":0,"notifying":{"streamChange":true,"participantActivities":true},"transcoding":{"video":{"parameters":{"keyFrameInterval":true,"bitrate":true,"framerate":true,"resolution":true},"format":true},"audio":true},"mediaOut":{"video":{"parameters":{"keyFrameInterval":[100,30,5,2,1],"bitrate":["x0.8","x0.6","x0.4","x0.2"],"framerate":[6,12,15,24,30,48,60],"resolution":["x3/4","x2/3","x1/2","x1/3","x1/4","hd1080p","hd720p","svga","vga","qvga","cif"]},"format":[{"codec":"vp8"},{"codec":"h264","profile":"CB"},{"codec":"vp9"}]},"audio":[{"codec":"opus","sampleRate":48000,"channelNum":2},{"codec":"isac","sampleRate":16000},{"codec":"isac","sampleRate":32000},{"codec":"g722","sampleRate":16000,"channelNum":1},{"codec":"pcma"},{"codec":"pcmu"},{"codec":"aac","sampleRate":48000,"channelNum":2},{"codec":"ac3"},{"codec":"nellymoser"},{"codec":"ilbc"},{"codec":"pcm_8000_1"},{"codec":"pcm_16000_1"}]},"mediaIn":{"video":[{"codec":"h264"},{"codec":"vp8"},{"codec":"vp9"}],"audio":[{"codec":"opus","sampleRate":48000,"channelNum":2},{"codec":"isac","sampleRate":16000},{"codec":"isac","sampleRate":32000},{"codec":"g722","sampleRate":16000,"channelNum":1},{"codec":"pcma"},{"codec":"pcmu"},{"codec":"aac"},{"codec":"ac3"},{"codec":"nellymoser"},{"codec":"ilbc"},{"codec":"pcm_8000_1"},{"codec":"pcm_16000_1"}]},"views":[{"video":{"layout":{"templates":{"custom":[],"base":"fluid"},"fitPolicy":"letterbox"},"keepActiveInputPrimary":false,"bgColor":{"b":0,"g":0,"r":0},"motionFactor":0.8,"maxInput":16,"parameters":{"keyFrameInterval":100,"framerate":24,"resolution":{"height":480,"width":640}},"format":{"codec":"vp8"}},"audio":{"vad":true,"format":{"codec":"opus","sampleRate":48000,"channelNum":2}},"label":"common"}],"roles":[{"role":"presenter","publish":{"audio":true,"video":true},"subscribe":{"audio":true,"video":true}},{"role":"viewer","publish":{"audio":false,"video":false},"subscribe":{"audio":true,"video":true}},{"role":"audio_only_presenter","publish":{"audio":true,"video":false},"subscribe":{"audio":true,"video":false}},{"role":"video_only_viewer","publish":{"audio":false,"video":false},"subscribe":{"audio":false,"video":true}},{"role":"sip","publish":{"audio":true,"video":true},"subscribe":{"audio":true,"video":true}}],"participantLimit":-1,"inputLimit":-1,"id":"61caeaeb48371605551aadfa"},{"_id":"61caeb14f90e8f055b3e51e5","name":"noah","__v":0,"notifying":{"streamChange":true,"participantActivities":true},"transcoding":{"video":{"parameters":{"keyFrameInterval":true,"bitrate":true,"framerate":true,"resolution":true},"format":true},"audio":true},"mediaOut":{"video":{"parameters":{"keyFrameInterval":[100,30,5,2,1],"bitrate":["x0.8","x0.6","x0.4","x0.2"],"framerate":[6,12,15,24,30,48,60],"resolution":["x3/4","x2/3","x1/2","x1/3","x1/4","hd1080p","hd720p","svga","vga","qvga","cif"]},"format":[{"codec":"vp8"},{"codec":"h264","profile":"CB"},{"codec":"vp9"}]},"audio":[{"codec":"opus","sampleRate":48000,"channelNum":2},{"codec":"isac","sampleRate":16000},{"codec":"isac","sampleRate":32000},{"codec":"g722","sampleRate":16000,"channelNum":1},{"codec":"pcma"},{"codec":"pcmu"},{"codec":"aac","sampleRate":48000,"channelNum":2},{"codec":"ac3"},{"codec":"nellymoser"},{"codec":"ilbc"},{"codec":"pcm_8000_1"},{"codec":"pcm_16000_1"}]},"mediaIn":{"video":[{"codec":"h264"},{"codec":"vp8"},{"codec":"vp9"}],"audio":[{"codec":"opus","sampleRate":48000,"channelNum":2},{"codec":"isac","sampleRate":16000},{"codec":"isac","sampleRate":32000},{"codec":"g722","sampleRate":16000,"channelNum":1},{"codec":"pcma"},{"codec":"pcmu"},{"codec":"aac"},{"codec":"ac3"},{"codec":"nellymoser"},{"codec":"ilbc"},{"codec":"pcm_8000_1"},{"codec":"pcm_16000_1"}]},"views":[{"video":{"layout":{"templates":{"custom":[],"base":"fluid"},"fitPolicy":"letterbox"},"keepActiveInputPrimary":false,"bgColor":{"b":0,"g":0,"r":0},"motionFactor":0.8,"maxInput":16,"parameters":{"keyFrameInterval":100,"framerate":24,"resolution":{"height":480,"width":640}},"format":{"codec":"vp8"}},"audio":{"vad":true,"format":{"codec":"opus","sampleRate":48000,"channelNum":2}},"label":"common"}],"roles":[{"role":"presenter","publish":{"audio":true,"video":true},"subscribe":{"audio":true,"video":true}},{"role":"viewer","publish":{"audio":false,"video":false},"subscribe":{"audio":true,"video":true}},{"role":"audio_only_presenter","publish":{"audio":true,"video":false},"subscribe":{"audio":true,"video":false}},{"role":"video_only_viewer","publish":{"audio":false,"video":false},"subscribe":{"audio":false,"video":true}},{"role":"sip","publish":{"audio":true,"video":true},"subscribe":{"audio":true,"video":true}}],"participantLimit":-1,"inputLimit":-1,"id":"61caeb14f90e8f055b3e51e5"},{"_id":"61caecd4e796300561aab53f","name":"noah","__v":0,"notifying":{"streamChange":true,"participantActivities":true},"transcoding":{"video":{"parameters":{"keyFrameInterval":true,"bitrate":true,"framerate":true,"resolution":true},"format":true},"audio":true},"mediaOut":{"video":{"parameters":{"keyFrameInterval":[100,30,5,2,1],"bitrate":["x0.8","x0.6","x0.4","x0.2"],"framerate":[6,12,15,24,30,48,60],"resolution":["x3/4","x2/3","x1/2","x1/3","x1/4","hd1080p","hd720p","svga","vga","qvga","cif"]},"format":[{"codec":"vp8"},{"codec":"h264","profile":"CB"},{"codec":"vp9"}]},"audio":[{"codec":"opus","sampleRate":48000,"channelNum":2},{"codec":"isac","sampleRate":16000},{"codec":"isac","sampleRate":32000},{"codec":"g722","sampleRate":16000,"channelNum":1},{"codec":"pcma"},{"codec":"pcmu"},{"codec":"aac","sampleRate":48000,"channelNum":2},{"codec":"ac3"},{"codec":"nellymoser"},{"codec":"ilbc"},{"codec":"pcm_8000_1"},{"codec":"pcm_16000_1"}]},"mediaIn":{"video":[{"codec":"h264"},{"codec":"vp8"},{"codec":"vp9"}],"audio":[{"codec":"opus","sampleRate":48000,"channelNum":2},{"codec":"isac","sampleRate":16000},{"codec":"isac","sampleRate":32000},{"codec":"g722","sampleRate":16000,"channelNum":1},{"codec":"pcma"},{"codec":"pcmu"},{"codec":"aac"},{"codec":"ac3"},{"codec":"nellymoser"},{"codec":"ilbc"},{"codec":"pcm_8000_1"},{"codec":"pcm_16000_1"}]},"views":[{"video":{"layout":{"templates":{"custom":[],"base":"fluid"},"fitPolicy":"letterbox"},"keepActiveInputPrimary":false,"bgColor":{"b":0,"g":0,"r":0},"motionFactor":0.8,"maxInput":16,"parameters":{"keyFrameInterval":100,"framerate":24,"resolution":{"height":480,"width":640}},"format":{"codec":"vp8"}},"audio":{"vad":true,"format":{"codec":"opus","sampleRate":48000,"channelNum":2}},"label":"common"}],"roles":[{"role":"presenter","publish":{"audio":true,"video":true},"subscribe":{"audio":true,"video":true}},{"role":"viewer","publish":{"audio":false,"video":false},"subscribe":{"audio":true,"video":true}},{"role":"audio_only_presenter","publish":{"audio":true,"video":false},"subscribe":{"audio":true,"video":false}},{"role":"video_only_viewer","publish":{"audio":false,"video":false},"subscribe":{"audio":false,"video":true}},{"role":"sip","publish":{"audio":true,"video":true},"subscribe":{"audio":true,"video":true}}],"participantLimit":-1,"inputLimit":-1,"id":"61caecd4e796300561aab53f"},{"_id":"61caecdfc4231a055980adde","name":"noah","__v":0,"notifying":{"streamChange":true,"participantActivities":true},"transcoding":{"video":{"parameters":{"keyFrameInterval":true,"bitrate":true,"framerate":true,"resolution":true},"format":true},"audio":true},"mediaOut":{"video":{"parameters":{"keyFrameInterval":[100,30,5,2,1],"bitrate":["x0.8","x0.6","x0.4","x0.2"],"framerate":[6,12,15,24,30,48,60],"resolution":["x3/4","x2/3","x1/2","x1/3","x1/4","hd1080p","hd720p","svga","vga","qvga","cif"]},"format":[{"codec":"vp8"},{"codec":"h264","profile":"CB"},{"codec":"vp9"}]},"audio":[{"codec":"opus","sampleRate":48000,"channelNum":2},{"codec":"isac","sampleRate":16000},{"codec":"isac","sampleRate":32000},{"codec":"g722","sampleRate":16000,"channelNum":1},{"codec":"pcma"},{"codec":"pcmu"},{"codec":"aac","sampleRate":48000,"channelNum":2},{"codec":"ac3"},{"codec":"nellymoser"},{"codec":"ilbc"},{"codec":"pcm_8000_1"},{"codec":"pcm_16000_1"}]},"mediaIn":{"video":[{"codec":"h264"},{"codec":"vp8"},{"codec":"vp9"}],"audio":[{"codec":"opus","sampleRate":48000,"channelNum":2},{"codec":"isac","sampleRate":16000},{"codec":"isac","sampleRate":32000},{"codec":"g722","sampleRate":16000,"channelNum":1},{"codec":"pcma"},{"codec":"pcmu"},{"codec":"aac"},{"codec":"ac3"},{"codec":"nellymoser"},{"codec":"ilbc"},{"codec":"pcm_8000_1"},{"codec":"pcm_16000_1"}]},"views":[{"video":{"layout":{"templates":{"custom":[],"base":"fluid"},"fitPolicy":"letterbox"},"keepActiveInputPrimary":false,"bgColor":{"b":0,"g":0,"r":0},"motionFactor":0.8,"maxInput":16,"parameters":{"keyFrameInterval":100,"framerate":24,"resolution":{"height":480,"width":640}},"format":{"codec":"vp8"}},"audio":{"vad":true,"format":{"codec":"opus","sampleRate":48000,"channelNum":2}},"label":"common"}],"roles":[{"role":"presenter","publish":{"audio":true,"video":true},"subscribe":{"audio":true,"video":true}},{"role":"viewer","publish":{"audio":false,"video":false},"subscribe":{"audio":true,"video":true}},{"role":"audio_only_presenter","publish":{"audio":true,"video":false},"subscribe":{"audio":true,"video":false}},{"role":"video_only_viewer","publish":{"audio":false,"video":false},"subscribe":{"audio":false,"video":true}},{"role":"sip","publish":{"audio":true,"video":true},"subscribe":{"audio":true,"video":true}}],"participantLimit":-1,"inputLimit":-1,"id":"61caecdfc4231a055980adde"},{"_id":"61caece548371605551aae04","name":"noah","__v":0,"notifying":{"streamChange":true,"participantActivities":true},"transcoding":{"video":{"parameters":{"keyFrameInterval":true,"bitrate":true,"framerate":true,"resolution":true},"format":true},"audio":true},"mediaOut":{"video":{"parameters":{"keyFrameInterval":[100,30,5,2,1],"bitrate":["x0.8","x0.6","x0.4","x0.2"],"framerate":[6,12,15,24,30,48,60],"resolution":["x3/4","x2/3","x1/2","x1/3","x1/4","hd1080p","hd720p","svga","vga","qvga","cif"]},"format":[{"codec":"vp8"},{"codec":"h264","profile":"CB"},{"codec":"vp9"}]},"audio":[{"codec":"opus","sampleRate":48000,"channelNum":2},{"codec":"isac","sampleRate":16000},{"codec":"isac","sampleRate":32000},{"codec":"g722","sampleRate":16000,"channelNum":1},{"codec":"pcma"},{"codec":"pcmu"},{"codec":"aac","sampleRate":48000,"channelNum":2},{"codec":"ac3"},{"codec":"nellymoser"},{"codec":"ilbc"},{"codec":"pcm_8000_1"},{"codec":"pcm_16000_1"}]},"mediaIn":{"video":[{"codec":"h264"},{"codec":"vp8"},{"codec":"vp9"}],"audio":[{"codec":"opus","sampleRate":48000,"channelNum":2},{"codec":"isac","sampleRate":16000},{"codec":"isac","sampleRate":32000},{"codec":"g722","sampleRate":16000,"channelNum":1},{"codec":"pcma"},{"codec":"pcmu"},{"codec":"aac"},{"codec":"ac3"},{"codec":"nellymoser"},{"codec":"ilbc"},{"codec":"pcm_8000_1"},{"codec":"pcm_16000_1"}]},"views":[{"video":{"layout":{"templates":{"custom":[],"base":"fluid"},"fitPolicy":"letterbox"},"keepActiveInputPrimary":false,"bgColor":{"b":0,"g":0,"r":0},"motionFactor":0.8,"maxInput":16,"parameters":{"keyFrameInterval":100,"framerate":24,"resolution":{"height":480,"width":640}},"format":{"codec":"vp8"}},"audio":{"vad":true,"format":{"codec":"opus","sampleRate":48000,"channelNum":2}},"label":"common"}],"roles":[{"role":"presenter","publish":{"audio":true,"video":true},"subscribe":{"audio":true,"video":true}},{"role":"viewer","publish":{"audio":false,"video":false},"subscribe":{"audio":true,"video":true}},{"role":"audio_only_presenter","publish":{"audio":true,"video":false},"subscribe":{"audio":true,"video":false}},{"role":"video_only_viewer","publish":{"audio":false,"video":false},"subscribe":{"audio":false,"video":true}},{"role":"sip","publish":{"audio":true,"video":true},"subscribe":{"audio":true,"video":true}}],"participantLimit":-1,"inputLimit":-1,"id":"61caece548371605551aae04"},{"_id":"61caed1048371605551aae05","name":"noah","__v":0,"notifying":{"streamChange":true,"participantActivities":true},"transcoding":{"video":{"parameters":{"keyFrameInterval":true,"bitrate":true,"framerate":true,"resolution":true},"format":true},"audio":true},"mediaOut":{"video":{"parameters":{"keyFrameInterval":[100,30,5,2,1],"bitrate":["x0.8","x0.6","x0.4","x0.2"],"framerate":[6,12,15,24,30,48,60],"resolution":["x3/4","x2/3","x1/2","x1/3","x1/4","hd1080p","hd720p","svga","vga","qvga","cif"]},"format":[{"codec":"vp8"},{"codec":"h264","profile":"CB"},{"codec":"vp9"}]},"audio":[{"codec":"opus","sampleRate":48000,"channelNum":2},{"codec":"isac","sampleRate":16000},{"codec":"isac","sampleRate":32000},{"codec":"g722","sampleRate":16000,"channelNum":1},{"codec":"pcma"},{"codec":"pcmu"},{"codec":"aac","sampleRate":48000,"channelNum":2},{"codec":"ac3"},{"codec":"nellymoser"},{"codec":"ilbc"},{"codec":"pcm_8000_1"},{"codec":"pcm_16000_1"}]},"mediaIn":{"video":[{"codec":"h264"},{"codec":"vp8"},{"codec":"vp9"}],"audio":[{"codec":"opus","sampleRate":48000,"channelNum":2},{"codec":"isac","sampleRate":16000},{"codec":"isac","sampleRate":32000},{"codec":"g722","sampleRate":16000,"channelNum":1},{"codec":"pcma"},{"codec":"pcmu"},{"codec":"aac"},{"codec":"ac3"},{"codec":"nellymoser"},{"codec":"ilbc"},{"codec":"pcm_8000_1"},{"codec":"pcm_16000_1"}]},"views":[{"video":{"layout":{"templates":{"custom":[],"base":"fluid"},"fitPolicy":"letterbox"},"keepActiveInputPrimary":false,"bgColor":{"b":0,"g":0,"r":0},"motionFactor":0.8,"maxInput":16,"parameters":{"keyFrameInterval":100,"framerate":24,"resolution":{"height":480,"width":640}},"format":{"codec":"vp8"}},"audio":{"vad":true,"format":{"codec":"opus","sampleRate":48000,"channelNum":2}},"label":"common"}],"roles":[{"role":"presenter","publish":{"audio":true,"video":true},"subscribe":{"audio":true,"video":true}},{"role":"viewer","publish":{"audio":false,"video":false},"subscribe":{"audio":true,"video":true}},{"role":"audio_only_presenter","publish":{"audio":true,"video":false},"subscribe":{"audio":true,"video":false}},{"role":"video_only_viewer","publish":{"audio":false,"video":false},"subscribe":{"audio":false,"video":true}},{"role":"sip","publish":{"audio":true,"video":true},"subscribe":{"audio":true,"video":true}}],"participantLimit":-1,"inputLimit":-1,"id":"61caed1048371605551aae05"},{"_id":"61caed1ce796300561aab54d","name":"noah","__v":0,"notifying":{"streamChange":true,"participantActivities":true},"transcoding":{"video":{"parameters":{"keyFrameInterval":true,"bitrate":true,"framerate":true,"resolution":true},"format":true},"audio":true},"mediaOut":{"video":{"parameters":{"keyFrameInterval":[100,30,5,2,1],"bitrate":["x0.8","x0.6","x0.4","x0.2"],"framerate":[6,12,15,24,30,48,60],"resolution":["x3/4","x2/3","x1/2","x1/3","x1/4","hd1080p","hd720p","svga","vga","qvga","cif"]},"format":[{"codec":"vp8"},{"codec":"h264","profile":"CB"},{"codec":"vp9"}]},"audio":[{"codec":"opus","sampleRate":48000,"channelNum":2},{"codec":"isac","sampleRate":16000},{"codec":"isac","sampleRate":32000},{"codec":"g722","sampleRate":16000,"channelNum":1},{"codec":"pcma"},{"codec":"pcmu"},{"codec":"aac","sampleRate":48000,"channelNum":2},{"codec":"ac3"},{"codec":"nellymoser"},{"codec":"ilbc"},{"codec":"pcm_8000_1"},{"codec":"pcm_16000_1"}]},"mediaIn":{"video":[{"codec":"h264"},{"codec":"vp8"},{"codec":"vp9"}],"audio":[{"codec":"opus","sampleRate":48000,"channelNum":2},{"codec":"isac","sampleRate":16000},{"codec":"isac","sampleRate":32000},{"codec":"g722","sampleRate":16000,"channelNum":1},{"codec":"pcma"},{"codec":"pcmu"},{"codec":"aac"},{"codec":"ac3"},{"codec":"nellymoser"},{"codec":"ilbc"},{"codec":"pcm_8000_1"},{"codec":"pcm_16000_1"}]},"views":[{"video":{"layout":{"templates":{"custom":[],"base":"fluid"},"fitPolicy":"letterbox"},"keepActiveInputPrimary":false,"bgColor":{"b":0,"g":0,"r":0},"motionFactor":0.8,"maxInput":16,"parameters":{"keyFrameInterval":100,"framerate":24,"resolution":{"height":480,"width":640}},"format":{"codec":"vp8"}},"audio":{"vad":true,"format":{"codec":"opus","sampleRate":48000,"channelNum":2}},"label":"common"}],"roles":[{"role":"presenter","publish":{"audio":true,"video":true},"subscribe":{"audio":true,"video":true}},{"role":"viewer","publish":{"audio":false,"video":false},"subscribe":{"audio":true,"video":true}},{"role":"audio_only_presenter","publish":{"audio":true,"video":false},"subscribe":{"audio":true,"video":false}},{"role":"video_only_viewer","publish":{"audio":false,"video":false},"subscribe":{"audio":false,"video":true}},{"role":"sip","publish":{"audio":true,"video":true},"subscribe":{"audio":true,"video":true}}],"participantLimit":-1,"inputLimit":-1,"id":"61caed1ce796300561aab54d"},{"_id":"61caed26f90e8f055b3e51f6","name":"noah","__v":0,"notifying":{"streamChange":true,"participantActivities":true},"transcoding":{"video":{"parameters":{"keyFrameInterval":true,"bitrate":true,"framerate":true,"resolution":true},"format":true},"audio":true},"mediaOut":{"video":{"parameters":{"keyFrameInterval":[100,30,5,2,1],"bitrate":["x0.8","x0.6","x0.4","x0.2"],"framerate":[6,12,15,24,30,48,60],"resolution":["x3/4","x2/3","x1/2","x1/3","x1/4","hd1080p","hd720p","svga","vga","qvga","cif"]},"format":[{"codec":"vp8"},{"codec":"h264","profile":"CB"},{"codec":"vp9"}]},"audio":[{"codec":"opus","sampleRate":48000,"channelNum":2},{"codec":"isac","sampleRate":16000},{"codec":"isac","sampleRate":32000},{"codec":"g722","sampleRate":16000,"channelNum":1},{"codec":"pcma"},{"codec":"pcmu"},{"codec":"aac","sampleRate":48000,"channelNum":2},{"codec":"ac3"},{"codec":"nellymoser"},{"codec":"ilbc"},{"codec":"pcm_8000_1"},{"codec":"pcm_16000_1"}]},"mediaIn":{"video":[{"codec":"h264"},{"codec":"vp8"},{"codec":"vp9"}],"audio":[{"codec":"opus","sampleRate":48000,"channelNum":2},{"codec":"isac","sampleRate":16000},{"codec":"isac","sampleRate":32000},{"codec":"g722","sampleRate":16000,"channelNum":1},{"codec":"pcma"},{"codec":"pcmu"},{"codec":"aac"},{"codec":"ac3"},{"codec":"nellymoser"},{"codec":"ilbc"},{"codec":"pcm_8000_1"},{"codec":"pcm_16000_1"}]},"views":[{"video":{"layout":{"templates":{"custom":[],"base":"fluid"},"fitPolicy":"letterbox"},"keepActiveInputPrimary":false,"bgColor":{"b":0,"g":0,"r":0},"motionFactor":0.8,"maxInput":16,"parameters":{"keyFrameInterval":100,"framerate":24,"resolution":{"height":480,"width":640}},"format":{"codec":"vp8"}},"audio":{"vad":true,"format":{"codec":"opus","sampleRate":48000,"channelNum":2}},"label":"common"}],"roles":[{"role":"presenter","publish":{"audio":true,"video":true},"subscribe":{"audio":true,"video":true}},{"role":"viewer","publish":{"audio":false,"video":false},"subscribe":{"audio":true,"video":true}},{"role":"audio_only_presenter","publish":{"audio":true,"video":false},"subscribe":{"audio":true,"video":false}},{"role":"video_only_viewer","publish":{"audio":false,"video":false},"subscribe":{"audio":false,"video":true}},{"role":"sip","publish":{"audio":true,"video":true},"subscribe":{"audio":true,"video":true}}],"participantLimit":-1,"inputLimit":-1,"id":"61caed26f90e8f055b3e51f6"},{"_id":"61caed9048371605551aae0c","name":"noah","__v":0,"notifying":{"streamChange":true,"participantActivities":true},"transcoding":{"video":{"parameters":{"keyFrameInterval":true,"bitrate":true,"framerate":true,"resolution":true},"format":true},"audio":true},"mediaOut":{"video":{"parameters":{"keyFrameInterval":[100,30,5,2,1],"bitrate":["x0.8","x0.6","x0.4","x0.2"],"framerate":[6,12,15,24,30,48,60],"resolution":["x3/4","x2/3","x1/2","x1/3","x1/4","hd1080p","hd720p","svga","vga","qvga","cif"]},"format":[{"codec":"vp8"},{"codec":"h264","profile":"CB"},{"codec":"vp9"}]},"audio":[{"codec":"opus","sampleRate":48000,"channelNum":2},{"codec":"isac","sampleRate":16000},{"codec":"isac","sampleRate":32000},{"codec":"g722","sampleRate":16000,"channelNum":1},{"codec":"pcma"},{"codec":"pcmu"},{"codec":"aac","sampleRate":48000,"channelNum":2},{"codec":"ac3"},{"codec":"nellymoser"},{"codec":"ilbc"},{"codec":"pcm_8000_1"},{"codec":"pcm_16000_1"}]},"mediaIn":{"video":[{"codec":"h264"},{"codec":"vp8"},{"codec":"vp9"}],"audio":[{"codec":"opus","sampleRate":48000,"channelNum":2},{"codec":"isac","sampleRate":16000},{"codec":"isac","sampleRate":32000},{"codec":"g722","sampleRate":16000,"channelNum":1},{"codec":"pcma"},{"codec":"pcmu"},{"codec":"aac"},{"codec":"ac3"},{"codec":"nellymoser"},{"codec":"ilbc"},{"codec":"pcm_8000_1"},{"codec":"pcm_16000_1"}]},"views":[{"video":{"layout":{"templates":{"custom":[],"base":"fluid"},"fitPolicy":"letterbox"},"keepActiveInputPrimary":false,"bgColor":{"b":0,"g":0,"r":0},"motionFactor":0.8,"maxInput":16,"parameters":{"keyFrameInterval":100,"framerate":24,"resolution":{"height":480,"width":640}},"format":{"codec":"vp8"}},"audio":{"vad":true,"format":{"codec":"opus","sampleRate":48000,"channelNum":2}},"label":"common"}],"roles":[{"role":"presenter","publish":{"audio":true,"video":true},"subscribe":{"audio":true,"video":true}},{"role":"viewer","publish":{"audio":false,"video":false},"subscribe":{"audio":true,"video":true}},{"role":"audio_only_presenter","publish":{"audio":true,"video":false},"subscribe":{"audio":true,"video":false}},{"role":"video_only_viewer","publish":{"audio":false,"video":false},"subscribe":{"audio":false,"video":true}},{"role":"sip","publish":{"audio":true,"video":true},"subscribe":{"audio":true,"video":true}}],"participantLimit":-1,"inputLimit":-1,"id":"61caed9048371605551aae0c"}]'
,HeadlessChrome 96.0.4664 (Windows 10.0.0) ERROR: 'DEPRECATION: An asynchronous before/it/after function was defined with the async keyword but also took a done callback. This is not supported and will stop working in the future. Either remove the done callback (recommended) or remove the async keyword. (in spec: irtc test cretae local get token join room pub sub 基础功能测试 )'
,HeadlessChrome 96.0.4664 (Windows 10.0.0) LOG: 'get token success', '{"tokenId":"61caedb8c4231a055980adf0","host":"192.168.31.31:8080","secure":false,"signature":"NTNjMTBmZDhkN2M1OTFjNWM2MmY5YzhkNGUyMTU0OTVmNDE5ODFkM2U4OGFjOTVlNDdkNzY3MjQ3MDhlNjRiMw=="}'
,HeadlessChrome 96.0.4664 (Windows 10.0.0) LOG: 'token change'
,HeadlessChrome 96.0.4664 (Windows 10.0.0) LOG: 'join room success', e{id: '61caedb8f90e8f055b3e5205', participants: [t{addEventListener: ..., removeEventListener: ..., clearEventListener: ..., dispatchEvent: ...}], remoteStreams: [t{addEventListener: ..., removeEventListener: ..., clearEventListener: ..., dispatchEvent: ..., settings: ..., capabilities: ...}], self: t{addEventListener: function(t, n) { ... }, removeEventListener: function(t, n) { ... }, clearEventListener: function(t) { ... }, dispatchEvent: function(t) { ... }}}
,HeadlessChrome 96.0.4664 (Windows 10.0.0) LOG: 'ICE connection state changed to checking'
,HeadlessChrome 96.0.4664 (Windows 10.0.0) LOG: 'Remote stream added.'
,HeadlessChrome 96.0.4664 (Windows 10.0.0) WARN: 'Received remote stream without subscription.'
,HeadlessChrome 96.0.4664 (Windows 10.0.0) LOG: 'Remote stream added.'
,HeadlessChrome 96.0.4664 (Windows 10.0.0) WARN: 'Received remote stream without subscription.'
,HeadlessChrome 96.0.4664 (Windows 10.0.0) LOG: 'Empty candidate.'
,HeadlessChrome 96.0.4664 (Windows 10.0.0) LOG: 'ICE connection state changed to connected'
,HeadlessChrome 96.0.4664 (Windows 10.0.0) LOG: 'change remote stream id ', t{addEventListener: function(t, n) { ... }, removeEventListener: function(t, n) { ... }, clearEventListener: function(t) { ... }, dispatchEvent: function(t) { ... }, settings: e{audio: e{codec: ...}, video: e{codec: ..., resolution: ..., frameRate: ..., bitrate: ..., keyFrameInterval: ...}}, capabilities: e{audio: e{codecs: ...}, video: e{codecs: ..., resolutions: ..., frameRates: ..., bitrateMultipliers: ..., keyFrameIntervals: ...}}}
,HeadlessChrome 96.0.4664 (Windows 10.0.0) LOG: 'remoteStream', t{addEventListener: function(t, n) { ... }, removeEventListener: function(t, n) { ... }, clearEventListener: function(t) { ... }, dispatchEvent: function(t) { ... }, settings: e{audio: e{codec: ...}, video: e{codec: ..., resolution: ..., frameRate: ..., bitrate: ..., keyFrameInterval: ...}}, capabilities: e{audio: e{codecs: ...}, video: e{codecs: ..., resolutions: ..., frameRates: ..., bitrateMultipliers: ..., keyFrameIntervals: ...}}}
,HeadlessChrome 96.0.4664 (Windows 10.0.0) LOG: 'publish local stream success', t{addEventListener: function(t, n) { ... }, removeEventListener: function(t, n) { ... }, clearEventListener: function(t) { ... }, dispatchEvent: function(t) { ... }, stop: function() { ... }, getStats: function() { ... }, getPCSenders: function() { ... }, mute: function(t) { ... }, unmute: function(t) { ... }}
,HeadlessChrome 96.0.4664 (Windows 10.0.0) LOG: 'ICE connection state changed to checking'
,HeadlessChrome 96.0.4664 (Windows 10.0.0) LOG: 'Remote stream added.'
,HeadlessChrome 96.0.4664 (Windows 10.0.0) LOG: 'Remote stream added.'
,HeadlessChrome 96.0.4664 (Windows 10.0.0) LOG: 'Empty candidate.'
,HeadlessChrome 96.0.4664 (Windows 10.0.0) LOG: 'ICE connection state changed to connected'
,HeadlessChrome 96.0.4664 (Windows 10.0.0) LOG: 'subscribe success', t{addEventListener: function(t, n) { ... }, removeEventListener: function(t, n) { ... }, clearEventListener: function(t) { ... }, dispatchEvent: function(t) { ... }, stop: function() { ... }, getStats: function() { ... }, mute: function(t) { ... }, unmute: function(t) { ... }, applyOptions: function(t) { ... }}
,HeadlessChrome 96.0.4664 (Windows 10.0.0) LOG: 'server disconnected'
,HeadlessChrome 96.0.4664 (Windows 10.0.0) LOG: 'delete room success', 'Room deleted', 'roomId:', '61caedb8f90e8f055b3e5205'
,HeadlessChrome 96.0.4664 (Windows 10.0.0) LOG: '当前为第1测试用例', 'eyJ0b2tlbklkIjoiNjFjYWVkYjhjNDIzMWEwNTU5ODBhZGYwIiwiaG9zdCI6IjE5Mi4xNjguMzEuMzE6ODA4MCIsInNlY3VyZSI6ZmFsc2UsInNpZ25hdHVyZSI6Ik5UTmpNVEJtWkRoa04yTTFPVEZqTldNMk1tWTVZemhrTkdVeU1UVTBPVFZtTkRFNU9ERmtNMlU0T0dGak9UVmxORGRrTnpZM01qUTNNRGhsTmpSaU13PT0ifQ==', t{addEventListener: function(t, n) { ... }, removeEventListener: function(t, n) { ... }, clearEventListener: function(t) { ... }, dispatchEvent: function(t) { ... }}, t{addEventListener: function(t, n) { ... }, removeEventListener: function(t, n) { ... }, clearEventListener: function(t) { ... }, dispatchEvent: function(t) { ... }, stop: function() { ... }, getStats: function() { ... }, getPCSenders: function() { ... }, mute: function(t) { ... }, unmute: function(t) { ... }}, t{addEventListener: function(t, n) { ... }, removeEventListener: function(t, n) { ... }, clearEventListener: function(t) { ... }, dispatchEvent: function(t) { ... }, stop: function() { ... }, getStats: function() { ... }, mute: function(t) { ... }, unmute: function(t) { ... }, applyOptions: function(t) { ... }}
,HeadlessChrome 96.0.4664 (Windows 10.0.0) ERROR: 'DEPRECATION: An asynchronous before/it/after function was defined with the async keyword but also took a done callback. This is not supported and will stop working in the future. Either remove the done callback (recommended) or remove the async keyword. (in spec: irtc test cretae local get token join room pub sub 基础功能测试 )'
,HeadlessChrome 96.0.4664 (Windows 10.0.0) ERROR: 'DEPRECATION: An asynchronous before/it/after function was defined with the async keyword but also took a done callback. This is not supported and will stop working in the future. Either remove the done callback (recommended) or remove the async keyword. (in spec: irtc test subscription mute)'
,HeadlessChrome 96.0.4664 (Windows 10.0.0) LOG: 'create media stream success: ', '[object MediaStream]'
,HeadlessChrome 96.0.4664 (Windows 10.0.0) LOG: MediaStream{}
,HeadlessChrome 96.0.4664 (Windows 10.0.0) LOG: 'get authorization success'
,HeadlessChrome 96.0.4664 (Windows 10.0.0) LOG: 'change Authorization', 'MAuth realm=http://marte3.dit.upm.es,mauth_signature_method=HMAC_SHA256,mauth_serviceid=6130b4ed5de49f7e97616913,mauth_cnonce=7c50a6ab2d279278,mauth_timestamp=1640689080866,mauth_signature=MjcwYmE3OTczY2ViYzE1NGJmMjFkZWU1MTU4YThmNjlmYTI4MGUyMWZkNDk0MjJiOTUxYTE2MTgyNmY2MTQ0MA=='
,HeadlessChrome 96.0.4664 (Windows 10.0.0) LOG: 'create room success', '{"__v":0,"name":"noah","_id":"61caedb8c4231a055980adf1","notifying":{"streamChange":true,"participantActivities":true},"transcoding":{"video":{"parameters":{"keyFrameInterval":true,"bitrate":true,"framerate":true,"resolution":true},"format":true},"audio":true},"mediaOut":{"video":{"parameters":{"keyFrameInterval":[100,30,5,2,1],"bitrate":["x0.8","x0.6","x0.4","x0.2"],"framerate":[6,12,15,24,30,48,60],"resolution":["x3/4","x2/3","x1/2","x1/3","x1/4","hd1080p","hd720p","svga","vga","qvga","cif"]},"format":[{"codec":"vp8"},{"profile":"CB","codec":"h264"},{"codec":"vp9"}]},"audio":[{"channelNum":2,"sampleRate":48000,"codec":"opus"},{"sampleRate":16000,"codec":"isac"},{"sampleRate":32000,"codec":"isac"},{"channelNum":1,"sampleRate":16000,"codec":"g722"},{"codec":"pcma"},{"codec":"pcmu"},{"channelNum":2,"sampleRate":48000,"codec":"aac"},{"codec":"ac3"},{"codec":"nellymoser"},{"codec":"ilbc"},{"codec":"pcm_8000_1"},{"codec":"pcm_16000_1"}]},"mediaIn":{"video":[{"codec":"h264"},{"codec":"vp8"},{"codec":"vp9"}],"audio":[{"channelNum":2,"sampleRate":48000,"codec":"opus"},{"sampleRate":16000,"codec":"isac"},{"sampleRate":32000,"codec":"isac"},{"channelNum":1,"sampleRate":16000,"codec":"g722"},{"codec":"pcma"},{"codec":"pcmu"},{"codec":"aac"},{"codec":"ac3"},{"codec":"nellymoser"},{"codec":"ilbc"},{"codec":"pcm_8000_1"},{"codec":"pcm_16000_1"}]},"views":[{"video":{"layout":{"templates":{"custom":[],"base":"fluid"},"fitPolicy":"letterbox"},"keepActiveInputPrimary":false,"bgColor":{"b":0,"g":0,"r":0},"motionFactor":0.8,"maxInput":16,"parameters":{"keyFrameInterval":100,"framerate":24,"resolution":{"height":480,"width":640}},"format":{"codec":"vp8"}},"audio":{"vad":true,"format":{"codec":"opus","sampleRate":48000,"channelNum":2}},"label":"common"}],"roles":[{"subscribe":{"video":true,"audio":true},"publish":{"video":true,"audio":true},"role":"presenter"},{"subscribe":{"video":true,"audio":true},"publish":{"video":false,"audio":false},"role":"viewer"},{"subscribe":{"video":false,"audio":true},"publish":{"video":false,"audio":true},"role":"audio_only_presenter"},{"subscribe":{"video":true,"audio":false},"publish":{"video":false,"audio":false},"role":"video_only_viewer"},{"subscribe":{"video":true,"audio":true},"publish":{"video":true,"audio":true},"role":"sip"}],"participantLimit":-1,"inputLimit":-1,"id":"61caedb8c4231a055980adf1"}'
,HeadlessChrome 96.0.4664 (Windows 10.0.0) LOG: 'change roomId', '61caedb8c4231a055980adf1'
,HeadlessChrome 96.0.4664 (Windows 10.0.0) LOG: 'get token success', '{"tokenId":"61caedb8c4231a055980adf2","host":"192.168.31.31:8080","secure":false,"signature":"OWQzMzQ2Mzk5MDY5MDU1ZmE3MWVhODU0MjJmMzYxMzEzYmI1MGZhMTdmZTk0NDY0YzFkYTM4Y2I3OWUyYThmYw=="}'
,HeadlessChrome 96.0.4664 (Windows 10.0.0) LOG: 'token change'
,HeadlessChrome 96.0.4664 (Windows 10.0.0) LOG: 'join room success', e{id: '61caedb8c4231a055980adf1', participants: [t{addEventListener: ..., removeEventListener: ..., clearEventListener: ..., dispatchEvent: ...}], remoteStreams: [t{addEventListener: ..., removeEventListener: ..., clearEventListener: ..., dispatchEvent: ..., settings: ..., capabilities: ...}], self: t{addEventListener: function(t, n) { ... }, removeEventListener: function(t, n) { ... }, clearEventListener: function(t) { ... }, dispatchEvent: function(t) { ... }}}
,HeadlessChrome 96.0.4664 (Windows 10.0.0) LOG: 'ICE connection state changed to checking'
,HeadlessChrome 96.0.4664 (Windows 10.0.0) LOG: 'Remote stream added.'
,HeadlessChrome 96.0.4664 (Windows 10.0.0) WARN: 'Received remote stream without subscription.'
,HeadlessChrome 96.0.4664 (Windows 10.0.0) LOG: 'Remote stream added.'
,HeadlessChrome 96.0.4664 (Windows 10.0.0) WARN: 'Received remote stream without subscription.'
,HeadlessChrome 96.0.4664 (Windows 10.0.0) LOG: 'Empty candidate.'
,HeadlessChrome 96.0.4664 (Windows 10.0.0) LOG: 'ICE connection state changed to connected'
,HeadlessChrome 96.0.4664 (Windows 10.0.0) LOG: 'change remote stream id ', t{addEventListener: function(t, n) { ... }, removeEventListener: function(t, n) { ... }, clearEventListener: function(t) { ... }, dispatchEvent: function(t) { ... }, settings: e{audio: e{codec: ...}, video: e{codec: ..., resolution: ..., frameRate: ..., bitrate: ..., keyFrameInterval: ...}}, capabilities: e{audio: e{codecs: ...}, video: e{codecs: ..., resolutions: ..., frameRates: ..., bitrateMultipliers: ..., keyFrameIntervals: ...}}}
,HeadlessChrome 96.0.4664 (Windows 10.0.0) LOG: 'remoteStream', t{addEventListener: function(t, n) { ... }, removeEventListener: function(t, n) { ... }, clearEventListener: function(t) { ... }, dispatchEvent: function(t) { ... }, settings: e{audio: e{codec: ...}, video: e{codec: ..., resolution: ..., frameRate: ..., bitrate: ..., keyFrameInterval: ...}}, capabilities: e{audio: e{codecs: ...}, video: e{codecs: ..., resolutions: ..., frameRates: ..., bitrateMultipliers: ..., keyFrameIntervals: ...}}}
,HeadlessChrome 96.0.4664 (Windows 10.0.0) LOG: 'publish local stream success', t{addEventListener: function(t, n) { ... }, removeEventListener: function(t, n) { ... }, clearEventListener: function(t) { ... }, dispatchEvent: function(t) { ... }, stop: function() { ... }, getStats: function() { ... }, getPCSenders: function() { ... }, mute: function(t) { ... }, unmute: function(t) { ... }}
,HeadlessChrome 96.0.4664 (Windows 10.0.0) LOG: 'remoteStream', t{addEventListener: function(t, n) { ... }, removeEventListener: function(t, n) { ... }, clearEventListener: function(t) { ... }, dispatchEvent: function(t) { ... }, settings: e{audio: e{codec: ...}, video: e{codec: ..., resolution: ..., frameRate: ..., bitrate: ..., keyFrameInterval: ...}}, capabilities: e{audio: e{codecs: ...}, video: e{codecs: ..., resolutions: ..., frameRates: ..., bitrateMultipliers: ..., keyFrameIntervals: ...}}}
,HeadlessChrome 96.0.4664 (Windows 10.0.0) LOG: 'ICE connection state changed to checking'
,HeadlessChrome 96.0.4664 (Windows 10.0.0) LOG: 'Remote stream added.'
,HeadlessChrome 96.0.4664 (Windows 10.0.0) LOG: 'Remote stream added.'
,HeadlessChrome 96.0.4664 (Windows 10.0.0) LOG: 'Empty candidate.'
,HeadlessChrome 96.0.4664 (Windows 10.0.0) LOG: 'ICE connection state changed to connected'
,HeadlessChrome 96.0.4664 (Windows 10.0.0) LOG: 'subscribe success', t{addEventListener: function(t, n) { ... }, removeEventListener: function(t, n) { ... }, clearEventListener: function(t) { ... }, dispatchEvent: function(t) { ... }, stop: function() { ... }, getStats: function() { ... }, mute: function(t) { ... }, unmute: function(t) { ... }, applyOptions: function(t) { ... }}
,HeadlessChrome 96.0.4664 (Windows 10.0.0) LOG: 'subscription mute video success', undefined
,HeadlessChrome 96.0.4664 (Windows 10.0.0) LOG: 'subscription unmute video success', undefined
,HeadlessChrome 96.0.4664 (Windows 10.0.0) LOG: 'subscription mute audio success', undefined
,HeadlessChrome 96.0.4664 (Windows 10.0.0) LOG: 'subscription unmute audio success', undefined
,HeadlessChrome 96.0.4664 (Windows 10.0.0) LOG: 'subscription mute av success', undefined
,HeadlessChrome 96.0.4664 (Windows 10.0.0) LOG: 'subscription unmute av success', undefined
,HeadlessChrome 96.0.4664 (Windows 10.0.0) LOG: 'publication mute video success', undefined
,HeadlessChrome 96.0.4664 (Windows 10.0.0) LOG: 'publication unmute video success', undefined
,HeadlessChrome 96.0.4664 (Windows 10.0.0) LOG: 'publication mute audio success', undefined
,HeadlessChrome 96.0.4664 (Windows 10.0.0) LOG: 'publication unmute audio success', undefined
,HeadlessChrome 96.0.4664 (Windows 10.0.0) LOG: 'publication mute av success', undefined
,HeadlessChrome 96.0.4664 (Windows 10.0.0) LOG: 'publication unmute av success', undefined
,HeadlessChrome 96.0.4664 (Windows 10.0.0) LOG: 'server disconnected'
,HeadlessChrome 96.0.4664 (Windows 10.0.0) LOG: 'delete room success', 'Room deleted', 'roomId:', '61caedb8c4231a055980adf1'
,HeadlessChrome 96.0.4664 (Windows 10.0.0) LOG: '当前为第2测试用例', 'eyJ0b2tlbklkIjoiNjFjYWVkYjhjNDIzMWEwNTU5ODBhZGYyIiwiaG9zdCI6IjE5Mi4xNjguMzEuMzE6ODA4MCIsInNlY3VyZSI6ZmFsc2UsInNpZ25hdHVyZSI6Ik9XUXpNelEyTXprNU1EWTVNRFUxWm1FM01XVmhPRFUwTWpKbU16WXhNekV6WW1JMU1HWmhNVGRtWlRrME5EWTBZekZrWVRNNFkySTNPV1V5WVRobVl3PT0ifQ==', t{addEventListener: function(t, n) { ... }, removeEventListener: function(t, n) { ... }, clearEventListener: function(t) { ... }, dispatchEvent: function(t) { ... }}, t{addEventListener: function(t, n) { ... }, removeEventListener: function(t, n) { ... }, clearEventListener: function(t) { ... }, dispatchEvent: function(t) { ... }, stop: function() { ... }, getStats: function() { ... }, getPCSenders: function() { ... }, mute: function(t) { ... }, unmute: function(t) { ... }}, t{addEventListener: function(t, n) { ... }, removeEventListener: function(t, n) { ... }, clearEventListener: function(t) { ... }, dispatchEvent: function(t) { ... }, stop: function() { ... }, getStats: function() { ... }, mute: function(t) { ... }, unmute: function(t) { ... }, applyOptions: function(t) { ... }}
,HeadlessChrome 96.0.4664 (Windows 10.0.0) ERROR: 'DEPRECATION: An asynchronous before/it/after function was defined with the async keyword but also took a done callback. This is not supported and will stop working in the future. Either remove the done callback (recommended) or remove the async keyword. (in spec: irtc test subscription mute)'
,HeadlessChrome 96.0.4664 (Windows 10.0.0) ERROR: 'DEPRECATION: An asynchronous before/it/after function was defined with the async keyword but also took a done callback. This is not supported and will stop working in the future. Either remove the done callback (recommended) or remove the async keyword. (in spec: irtc test test )'
,HeadlessChrome 96.0.4664 (Windows 10.0.0) LOG: 'get token fail', 404
,HeadlessChrome 96.0.4664 (Windows 10.0.0) LOG: '当前为第3测试用例', 'eyJ0b2tlbklkIjoiNjFjYWVkYjhjNDIzMWEwNTU5ODBhZGYyIiwiaG9zdCI6IjE5Mi4xNjguMzEuMzE6ODA4MCIsInNlY3VyZSI6ZmFsc2UsInNpZ25hdHVyZSI6Ik9XUXpNelEyTXprNU1EWTVNRFUxWm1FM01XVmhPRFUwTWpKbU16WXhNekV6WW1JMU1HWmhNVGRtWlRrME5EWTBZekZrWVRNNFkySTNPV1V5WVRobVl3PT0ifQ==', t{addEventListener: function(t, n) { ... }, removeEventListener: function(t, n) { ... }, clearEventListener: function(t) { ... }, dispatchEvent: function(t) { ... }}, t{addEventListener: function(t, n) { ... }, removeEventListener: function(t, n) { ... }, clearEventListener: function(t) { ... }, dispatchEvent: function(t) { ... }, stop: function() { ... }, getStats: function() { ... }, getPCSenders: function() { ... }, mute: function(t) { ... }, unmute: function(t) { ... }}, t{addEventListener: function(t, n) { ... }, removeEventListener: function(t, n) { ... }, clearEventListener: function(t) { ... }, dispatchEvent: function(t) { ... }, stop: function() { ... }, getStats: function() { ... }, mute: function(t) { ... }, unmute: function(t) { ... }, applyOptions: function(t) { ... }}
,HeadlessChrome 96.0.4664 (Windows 10.0.0) ERROR: 'DEPRECATION: An asynchronous before/it/after function was defined with the async keyword but also took a done callback. This is not supported and will stop working in the future. Either remove the done callback (recommended) or remove the async keyword. (in spec: irtc test test )'
,HeadlessChrome 96.0.4664 (Windows 10.0.0) ERROR: 'DEPRECATION: An asynchronous before/it/after function was defined with the async keyword but also took a done callback. This is not supported and will stop working in the future. Either remove the done callback (recommended) or remove the async keyword. (in spec: irtc test stream list)'
,HeadlessChrome 96.0.4664 (Windows 10.0.0) LOG: 'get authorization success'
,HeadlessChrome 96.0.4664 (Windows 10.0.0) LOG: 'change Authorization', 'MAuth realm=http://marte3.dit.upm.es,mauth_signature_method=HMAC_SHA256,mauth_serviceid=6130b4ed5de49f7e97616913,mauth_cnonce=c1d536569d17cf98,mauth_timestamp=1640689081367,mauth_signature=MDRlZTkwNzQ3Y2ViY2MxOTc4NDJjYmRkMzZiMGQ5ZmUzNTE2ZTE1YzU0MzAyNzkzMmY1MTAxNDNmZmFlYjU5Mg=='
,HeadlessChrome 96.0.4664 (Windows 10.0.0) LOG: 'create room success', '{"__v":0,"name":"noah","_id":"61caedb9c4231a055980adf3","notifying":{"streamChange":true,"participantActivities":true},"transcoding":{"video":{"parameters":{"keyFrameInterval":true,"bitrate":true,"framerate":true,"resolution":true},"format":true},"audio":true},"mediaOut":{"video":{"parameters":{"keyFrameInterval":[100,30,5,2,1],"bitrate":["x0.8","x0.6","x0.4","x0.2"],"framerate":[6,12,15,24,30,48,60],"resolution":["x3/4","x2/3","x1/2","x1/3","x1/4","hd1080p","hd720p","svga","vga","qvga","cif"]},"format":[{"codec":"vp8"},{"profile":"CB","codec":"h264"},{"codec":"vp9"}]},"audio":[{"channelNum":2,"sampleRate":48000,"codec":"opus"},{"sampleRate":16000,"codec":"isac"},{"sampleRate":32000,"codec":"isac"},{"channelNum":1,"sampleRate":16000,"codec":"g722"},{"codec":"pcma"},{"codec":"pcmu"},{"channelNum":2,"sampleRate":48000,"codec":"aac"},{"codec":"ac3"},{"codec":"nellymoser"},{"codec":"ilbc"},{"codec":"pcm_8000_1"},{"codec":"pcm_16000_1"}]},"mediaIn":{"video":[{"codec":"h264"},{"codec":"vp8"},{"codec":"vp9"}],"audio":[{"channelNum":2,"sampleRate":48000,"codec":"opus"},{"sampleRate":16000,"codec":"isac"},{"sampleRate":32000,"codec":"isac"},{"channelNum":1,"sampleRate":16000,"codec":"g722"},{"codec":"pcma"},{"codec":"pcmu"},{"codec":"aac"},{"codec":"ac3"},{"codec":"nellymoser"},{"codec":"ilbc"},{"codec":"pcm_8000_1"},{"codec":"pcm_16000_1"}]},"views":[{"video":{"layout":{"templates":{"custom":[],"base":"fluid"},"fitPolicy":"letterbox"},"keepActiveInputPrimary":false,"bgColor":{"b":0,"g":0,"r":0},"motionFactor":0.8,"maxInput":16,"parameters":{"keyFrameInterval":100,"framerate":24,"resolution":{"height":480,"width":640}},"format":{"codec":"vp8"}},"audio":{"vad":true,"format":{"codec":"opus","sampleRate":48000,"channelNum":2}},"label":"common"}],"roles":[{"subscribe":{"video":true,"audio":true},"publish":{"video":true,"audio":true},"role":"presenter"},{"subscribe":{"video":true,"audio":true},"publish":{"video":false,"audio":false},"role":"viewer"},{"subscribe":{"video":false,"audio":true},"publish":{"video":false,"audio":true},"role":"audio_only_presenter"},{"subscribe":{"video":true,"audio":false},"publish":{"video":false,"audio":false},"role":"video_only_viewer"},{"subscribe":{"video":true,"audio":true},"publish":{"video":true,"audio":true},"role":"sip"}],"participantLimit":-1,"inputLimit":-1,"id":"61caedb9c4231a055980adf3"}'
,HeadlessChrome 96.0.4664 (Windows 10.0.0) LOG: 'change roomId', '61caedb9c4231a055980adf3'
,HeadlessChrome 96.0.4664 (Windows 10.0.0) LOG: 'stream list success', '[]'
,HeadlessChrome 96.0.4664 (Windows 10.0.0) LOG: '当前为第4测试用例', 'eyJ0b2tlbklkIjoiNjFjYWVkYjhjNDIzMWEwNTU5ODBhZGYyIiwiaG9zdCI6IjE5Mi4xNjguMzEuMzE6ODA4MCIsInNlY3VyZSI6ZmFsc2UsInNpZ25hdHVyZSI6Ik9XUXpNelEyTXprNU1EWTVNRFUxWm1FM01XVmhPRFUwTWpKbU16WXhNekV6WW1JMU1HWmhNVGRtWlRrME5EWTBZekZrWVRNNFkySTNPV1V5WVRobVl3PT0ifQ==', t{addEventListener: function(t, n) { ... }, removeEventListener: function(t, n) { ... }, clearEventListener: function(t) { ... }, dispatchEvent: function(t) { ... }}, t{addEventListener: function(t, n) { ... }, removeEventListener: function(t, n) { ... }, clearEventListener: function(t) { ... }, dispatchEvent: function(t) { ... }, stop: function() { ... }, getStats: function() { ... }, getPCSenders: function() { ... }, mute: function(t) { ... }, unmute: function(t) { ... }}, t{addEventListener: function(t, n) { ... }, removeEventListener: function(t, n) { ... }, clearEventListener: function(t) { ... }, dispatchEvent: function(t) { ... }, stop: function() { ... }, getStats: function() { ... }, mute: function(t) { ... }, unmute: function(t) { ... }, applyOptions: function(t) { ... }}
,HeadlessChrome 96.0.4664 (Windows 10.0.0) ERROR: 'DEPRECATION: An asynchronous before/it/after function was defined with the async keyword but also took a done callback. This is not supported and will stop working in the future. Either remove the done callback (recommended) or remove the async keyword. (in spec: irtc test stream list)'
,HeadlessChrome 96.0.4664 (Windows 10.0.0) ERROR: 'DEPRECATION: An asynchronous before/it/after function was defined with the async keyword but also took a done callback. This is not supported and will stop working in the future. Either remove the done callback (recommended) or remove the async keyword. (in spec: irtc test  get start )'
,HeadlessChrome 96.0.4664 (Windows 10.0.0) LOG: 'create media stream success: ', '[object MediaStream]'
,HeadlessChrome 96.0.4664 (Windows 10.0.0) LOG: MediaStream{}
,HeadlessChrome 96.0.4664 (Windows 10.0.0) LOG: 'delete room success', 'Room deleted', 'roomId:', '61caedb9c4231a055980adf3'
,HeadlessChrome 96.0.4664 (Windows 10.0.0) LOG: 'create room success', '{"__v":0,"name":"noah","_id":"61caedb9f90e8f055b3e5206","notifying":{"streamChange":true,"participantActivities":true},"transcoding":{"video":{"parameters":{"keyFrameInterval":true,"bitrate":true,"framerate":true,"resolution":true},"format":true},"audio":true},"mediaOut":{"video":{"parameters":{"keyFrameInterval":[100,30,5,2,1],"bitrate":["x0.8","x0.6","x0.4","x0.2"],"framerate":[6,12,15,24,30,48,60],"resolution":["x3/4","x2/3","x1/2","x1/3","x1/4","hd1080p","hd720p","svga","vga","qvga","cif"]},"format":[{"codec":"vp8"},{"profile":"CB","codec":"h264"},{"codec":"vp9"}]},"audio":[{"channelNum":2,"sampleRate":48000,"codec":"opus"},{"sampleRate":16000,"codec":"isac"},{"sampleRate":32000,"codec":"isac"},{"channelNum":1,"sampleRate":16000,"codec":"g722"},{"codec":"pcma"},{"codec":"pcmu"},{"channelNum":2,"sampleRate":48000,"codec":"aac"},{"codec":"ac3"},{"codec":"nellymoser"},{"codec":"ilbc"},{"codec":"pcm_8000_1"},{"codec":"pcm_16000_1"}]},"mediaIn":{"video":[{"codec":"h264"},{"codec":"vp8"},{"codec":"vp9"}],"audio":[{"channelNum":2,"sampleRate":48000,"codec":"opus"},{"sampleRate":16000,"codec":"isac"},{"sampleRate":32000,"codec":"isac"},{"channelNum":1,"sampleRate":16000,"codec":"g722"},{"codec":"pcma"},{"codec":"pcmu"},{"codec":"aac"},{"codec":"ac3"},{"codec":"nellymoser"},{"codec":"ilbc"},{"codec":"pcm_8000_1"},{"codec":"pcm_16000_1"}]},"views":[{"video":{"layout":{"templates":{"custom":[],"base":"fluid"},"fitPolicy":"letterbox"},"keepActiveInputPrimary":false,"bgColor":{"b":0,"g":0,"r":0},"motionFactor":0.8,"maxInput":16,"parameters":{"keyFrameInterval":100,"framerate":24,"resolution":{"height":480,"width":640}},"format":{"codec":"vp8"}},"audio":{"vad":true,"format":{"codec":"opus","sampleRate":48000,"channelNum":2}},"label":"common"}],"roles":[{"subscribe":{"video":true,"audio":true},"publish":{"video":true,"audio":true},"role":"presenter"},{"subscribe":{"video":true,"audio":true},"publish":{"video":false,"audio":false},"role":"viewer"},{"subscribe":{"video":false,"audio":true},"publish":{"video":false,"audio":true},"role":"audio_only_presenter"},{"subscribe":{"video":true,"audio":false},"publish":{"video":false,"audio":false},"role":"video_only_viewer"},{"subscribe":{"video":true,"audio":true},"publish":{"video":true,"audio":true},"role":"sip"}],"participantLimit":-1,"inputLimit":-1,"id":"61caedb9f90e8f055b3e5206"}'
,HeadlessChrome 96.0.4664 (Windows 10.0.0) LOG: 'change roomId', '61caedb9f90e8f055b3e5206'
,HeadlessChrome 96.0.4664 (Windows 10.0.0) LOG: 'get token success', '{"tokenId":"61caedb9f90e8f055b3e5207","host":"192.168.31.31:8080","secure":false,"signature":"YWIxZTliMTY5MTZjNTY1YzMwMDM0ODFhMTliMDVjMTlhYmEyMTJmN2Y5NmY3ODNjYzdkYTJlMGNlYjc4MjVmYw=="}'
,HeadlessChrome 96.0.4664 (Windows 10.0.0) LOG: 'token change'
,HeadlessChrome 96.0.4664 (Windows 10.0.0) LOG: 'join room success', e{id: '61caedb9f90e8f055b3e5206', participants: [t{addEventListener: ..., removeEventListener: ..., clearEventListener: ..., dispatchEvent: ...}], remoteStreams: [t{addEventListener: ..., removeEventListener: ..., clearEventListener: ..., dispatchEvent: ..., settings: ..., capabilities: ...}], self: t{addEventListener: function(t, n) { ... }, removeEventListener: function(t, n) { ... }, clearEventListener: function(t) { ... }, dispatchEvent: function(t) { ... }}}
,HeadlessChrome 96.0.4664 (Windows 10.0.0) LOG: 'ICE connection state changed to checking'
,HeadlessChrome 96.0.4664 (Windows 10.0.0) LOG: 'Remote stream added.'
,HeadlessChrome 96.0.4664 (Windows 10.0.0) WARN: 'Received remote stream without subscription.'
,HeadlessChrome 96.0.4664 (Windows 10.0.0) LOG: 'Remote stream added.'
,HeadlessChrome 96.0.4664 (Windows 10.0.0) WARN: 'Received remote stream without subscription.'
,HeadlessChrome 96.0.4664 (Windows 10.0.0) LOG: 'Empty candidate.'
,HeadlessChrome 96.0.4664 (Windows 10.0.0) LOG: 'ICE connection state changed to connected'
,HeadlessChrome 96.0.4664 (Windows 10.0.0) LOG: 'change remote stream id ', t{addEventListener: function(t, n) { ... }, removeEventListener: function(t, n) { ... }, clearEventListener: function(t) { ... }, dispatchEvent: function(t) { ... }, settings: e{audio: e{codec: ...}, video: e{codec: ..., resolution: ..., frameRate: ..., bitrate: ..., keyFrameInterval: ...}}, capabilities: e{audio: e{codecs: ...}, video: e{codecs: ..., resolutions: ..., frameRates: ..., bitrateMultipliers: ..., keyFrameIntervals: ...}}}
,HeadlessChrome 96.0.4664 (Windows 10.0.0) LOG: 'remoteStream', t{addEventListener: function(t, n) { ... }, removeEventListener: function(t, n) { ... }, clearEventListener: function(t) { ... }, dispatchEvent: function(t) { ... }, settings: e{audio: e{codec: ...}, video: e{codec: ..., resolution: ..., frameRate: ..., bitrate: ..., keyFrameInterval: ...}}, capabilities: e{audio: e{codecs: ...}, video: e{codecs: ..., resolutions: ..., frameRates: ..., bitrateMultipliers: ..., keyFrameIntervals: ...}}}
,HeadlessChrome 96.0.4664 (Windows 10.0.0) LOG: 'publish local stream success', t{addEventListener: function(t, n) { ... }, removeEventListener: function(t, n) { ... }, clearEventListener: function(t) { ... }, dispatchEvent: function(t) { ... }, stop: function() { ... }, getStats: function() { ... }, getPCSenders: function() { ... }, mute: function(t) { ... }, unmute: function(t) { ... }}
,HeadlessChrome 96.0.4664 (Windows 10.0.0) LOG: 'ICE connection state changed to checking'
,HeadlessChrome 96.0.4664 (Windows 10.0.0) LOG: 'Remote stream added.'
,HeadlessChrome 96.0.4664 (Windows 10.0.0) LOG: 'Remote stream added.'
,HeadlessChrome 96.0.4664 (Windows 10.0.0) LOG: 'Empty candidate.'
,HeadlessChrome 96.0.4664 (Windows 10.0.0) LOG: 'ICE connection state changed to connected'
,HeadlessChrome 96.0.4664 (Windows 10.0.0) LOG: 'subscribe success', t{addEventListener: function(t, n) { ... }, removeEventListener: function(t, n) { ... }, clearEventListener: function(t) { ... }, dispatchEvent: function(t) { ... }, stop: function() { ... }, getStats: function() { ... }, mute: function(t) { ... }, unmute: function(t) { ... }, applyOptions: function(t) { ... }}
,HeadlessChrome 96.0.4664 (Windows 10.0.0) LOG: 'get start success', Map{}
,HeadlessChrome 96.0.4664 (Windows 10.0.0) LOG: 'subscriptionTemp get start success', Map{}
,HeadlessChrome 96.0.4664 (Windows 10.0.0) LOG: 'server disconnected'
,HeadlessChrome 96.0.4664 (Windows 10.0.0) LOG: 'delete room success', 'Room deleted', 'roomId:', '61caedb9f90e8f055b3e5206'
,HeadlessChrome 96.0.4664 (Windows 10.0.0) LOG: '当前为第5测试用例', 'eyJ0b2tlbklkIjoiNjFjYWVkYjlmOTBlOGYwNTViM2U1MjA3IiwiaG9zdCI6IjE5Mi4xNjguMzEuMzE6ODA4MCIsInNlY3VyZSI6ZmFsc2UsInNpZ25hdHVyZSI6IllXSXhaVGxpTVRZNU1UWmpOVFkxWXpNd01ETTBPREZoTVRsaU1EVmpNVGxoWW1FeU1USm1OMlk1Tm1ZM09ETmpZemRrWVRKbE1HTmxZamM0TWpWbVl3PT0ifQ==', t{addEventListener: function(t, n) { ... }, removeEventListener: function(t, n) { ... }, clearEventListener: function(t) { ... }, dispatchEvent: function(t) { ... }}, t{addEventListener: function(t, n) { ... }, removeEventListener: function(t, n) { ... }, clearEventListener: function(t) { ... }, dispatchEvent: function(t) { ... }, stop: function() { ... }, getStats: function() { ... }, getPCSenders: function() { ... }, mute: function(t) { ... }, unmute: function(t) { ... }}, t{addEventListener: function(t, n) { ... }, removeEventListener: function(t, n) { ... }, clearEventListener: function(t) { ... }, dispatchEvent: function(t) { ... }, stop: function() { ... }, getStats: function() { ... }, mute: function(t) { ... }, unmute: function(t) { ... }, applyOptions: function(t) { ... }}
,HeadlessChrome 96.0.4664 (Windows 10.0.0) ERROR: 'DEPRECATION: An asynchronous before/it/after function was defined with the async keyword but also took a done callback. This is not supported and will stop working in the future. Either remove the done callback (recommended) or remove the async keyword. (in spec: irtc test  get start )'
,HeadlessChrome 96.0.4664 (Windows 10.0.0) ERROR: 'DEPRECATION: An asynchronous before/it/after function was defined with the async keyword but also took a done callback. This is not supported and will stop working in the future. Either remove the done callback (recommended) or remove the async keyword. (in spec: irtc test subscription apply options)'
,HeadlessChrome 96.0.4664 (Windows 10.0.0) LOG: 'create media stream success: ', '[object MediaStream]'
,HeadlessChrome 96.0.4664 (Windows 10.0.0) LOG: MediaStream{}
,HeadlessChrome 96.0.4664 (Windows 10.0.0) LOG: 'get authorization success'
,HeadlessChrome 96.0.4664 (Windows 10.0.0) LOG: 'change Authorization', 'MAuth realm=http://marte3.dit.upm.es,mauth_signature_method=HMAC_SHA256,mauth_serviceid=6130b4ed5de49f7e97616913,mauth_cnonce=dfa040d7ed2104a5,mauth_timestamp=1640689081786,mauth_signature=YzFiZTI3MmQ5MDYyMzk4NzMxMjBlYmMwZjViZGY3ZGU0ODAzOThjNDk2ODUwNDdkYTBjMzFhYzUwMDdhODRhNg=='
,HeadlessChrome 96.0.4664 (Windows 10.0.0) LOG: 'create room success', '{"__v":0,"name":"noah","_id":"61caedb9f90e8f055b3e5208","notifying":{"streamChange":true,"participantActivities":true},"transcoding":{"video":{"parameters":{"keyFrameInterval":true,"bitrate":true,"framerate":true,"resolution":true},"format":true},"audio":true},"mediaOut":{"video":{"parameters":{"keyFrameInterval":[100,30,5,2,1],"bitrate":["x0.8","x0.6","x0.4","x0.2"],"framerate":[6,12,15,24,30,48,60],"resolution":["x3/4","x2/3","x1/2","x1/3","x1/4","hd1080p","hd720p","svga","vga","qvga","cif"]},"format":[{"codec":"vp8"},{"profile":"CB","codec":"h264"},{"codec":"vp9"}]},"audio":[{"channelNum":2,"sampleRate":48000,"codec":"opus"},{"sampleRate":16000,"codec":"isac"},{"sampleRate":32000,"codec":"isac"},{"channelNum":1,"sampleRate":16000,"codec":"g722"},{"codec":"pcma"},{"codec":"pcmu"},{"channelNum":2,"sampleRate":48000,"codec":"aac"},{"codec":"ac3"},{"codec":"nellymoser"},{"codec":"ilbc"},{"codec":"pcm_8000_1"},{"codec":"pcm_16000_1"}]},"mediaIn":{"video":[{"codec":"h264"},{"codec":"vp8"},{"codec":"vp9"}],"audio":[{"channelNum":2,"sampleRate":48000,"codec":"opus"},{"sampleRate":16000,"codec":"isac"},{"sampleRate":32000,"codec":"isac"},{"channelNum":1,"sampleRate":16000,"codec":"g722"},{"codec":"pcma"},{"codec":"pcmu"},{"codec":"aac"},{"codec":"ac3"},{"codec":"nellymoser"},{"codec":"ilbc"},{"codec":"pcm_8000_1"},{"codec":"pcm_16000_1"}]},"views":[{"video":{"layout":{"templates":{"custom":[],"base":"fluid"},"fitPolicy":"letterbox"},"keepActiveInputPrimary":false,"bgColor":{"b":0,"g":0,"r":0},"motionFactor":0.8,"maxInput":16,"parameters":{"keyFrameInterval":100,"framerate":24,"resolution":{"height":480,"width":640}},"format":{"codec":"vp8"}},"audio":{"vad":true,"format":{"codec":"opus","sampleRate":48000,"channelNum":2}},"label":"common"}],"roles":[{"subscribe":{"video":true,"audio":true},"publish":{"video":true,"audio":true},"role":"presenter"},{"subscribe":{"video":true,"audio":true},"publish":{"video":false,"audio":false},"role":"viewer"},{"subscribe":{"video":false,"audio":true},"publish":{"video":false,"audio":true},"role":"audio_only_presenter"},{"subscribe":{"video":true,"audio":false},"publish":{"video":false,"audio":false},"role":"video_only_viewer"},{"subscribe":{"video":true,"audio":true},"publish":{"video":true,"audio":true},"role":"sip"}],"participantLimit":-1,"inputLimit":-1,"id":"61caedb9f90e8f055b3e5208"}'
,HeadlessChrome 96.0.4664 (Windows 10.0.0) LOG: 'change roomId', '61caedb9f90e8f055b3e5208'
,HeadlessChrome 96.0.4664 (Windows 10.0.0) LOG: 'get token success', '{"tokenId":"61caedb9f90e8f055b3e5209","host":"192.168.31.31:8080","secure":false,"signature":"NGYzYmU2NjY0Yzg0YzIwOWYzMGNiZTYxMTliZmMwNDNiZjFkOWYwODU5YzQ3OTQ1ODcyYjcwMjhmYWM4ZTRhYQ=="}'
,HeadlessChrome 96.0.4664 (Windows 10.0.0) LOG: 'token change'
,HeadlessChrome 96.0.4664 (Windows 10.0.0) LOG: 'join room success', e{id: '61caedb9f90e8f055b3e5208', participants: [t{addEventListener: ..., removeEventListener: ..., clearEventListener: ..., dispatchEvent: ...}], remoteStreams: [t{addEventListener: ..., removeEventListener: ..., clearEventListener: ..., dispatchEvent: ..., settings: ..., capabilities: ...}], self: t{addEventListener: function(t, n) { ... }, removeEventListener: function(t, n) { ... }, clearEventListener: function(t) { ... }, dispatchEvent: function(t) { ... }}}
,HeadlessChrome 96.0.4664 (Windows 10.0.0) LOG: 'ICE connection state changed to checking'
,HeadlessChrome 96.0.4664 (Windows 10.0.0) LOG: 'Remote stream added.'
,HeadlessChrome 96.0.4664 (Windows 10.0.0) WARN: 'Received remote stream without subscription.'
,HeadlessChrome 96.0.4664 (Windows 10.0.0) LOG: 'Remote stream added.'
,HeadlessChrome 96.0.4664 (Windows 10.0.0) WARN: 'Received remote stream without subscription.'
,HeadlessChrome 96.0.4664 (Windows 10.0.0) LOG: 'Empty candidate.'
,HeadlessChrome 96.0.4664 (Windows 10.0.0) LOG: 'ICE connection state changed to connected'
,HeadlessChrome 96.0.4664 (Windows 10.0.0) LOG: 'change remote stream id ', t{addEventListener: function(t, n) { ... }, removeEventListener: function(t, n) { ... }, clearEventListener: function(t) { ... }, dispatchEvent: function(t) { ... }, settings: e{audio: e{codec: ...}, video: e{codec: ..., resolution: ..., frameRate: ..., bitrate: ..., keyFrameInterval: ...}}, capabilities: e{audio: e{codecs: ...}, video: e{codecs: ..., resolutions: ..., frameRates: ..., bitrateMultipliers: ..., keyFrameIntervals: ...}}}
,HeadlessChrome 96.0.4664 (Windows 10.0.0) LOG: 'remoteStream', t{addEventListener: function(t, n) { ... }, removeEventListener: function(t, n) { ... }, clearEventListener: function(t) { ... }, dispatchEvent: function(t) { ... }, settings: e{audio: e{codec: ...}, video: e{codec: ..., resolution: ..., frameRate: ..., bitrate: ..., keyFrameInterval: ...}}, capabilities: e{audio: e{codecs: ...}, video: e{codecs: ..., resolutions: ..., frameRates: ..., bitrateMultipliers: ..., keyFrameIntervals: ...}}}
,HeadlessChrome 96.0.4664 (Windows 10.0.0) LOG: 'publish local stream success', t{addEventListener: function(t, n) { ... }, removeEventListener: function(t, n) { ... }, clearEventListener: function(t) { ... }, dispatchEvent: function(t) { ... }, stop: function() { ... }, getStats: function() { ... }, getPCSenders: function() { ... }, mute: function(t) { ... }, unmute: function(t) { ... }}
,HeadlessChrome 96.0.4664 (Windows 10.0.0) LOG: 'ICE connection state changed to checking'
,HeadlessChrome 96.0.4664 (Windows 10.0.0) LOG: 'Remote stream added.'
,HeadlessChrome 96.0.4664 (Windows 10.0.0) LOG: 'Remote stream added.'
,HeadlessChrome 96.0.4664 (Windows 10.0.0) LOG: 'Empty candidate.'
,HeadlessChrome 96.0.4664 (Windows 10.0.0) LOG: 'ICE connection state changed to connected'
,HeadlessChrome 96.0.4664 (Windows 10.0.0) LOG: 'subscribe success', t{addEventListener: function(t, n) { ... }, removeEventListener: function(t, n) { ... }, clearEventListener: function(t) { ... }, dispatchEvent: function(t) { ... }, stop: function() { ... }, getStats: function() { ... }, mute: function(t) { ... }, unmute: function(t) { ... }, applyOptions: function(t) { ... }}
,HeadlessChrome 96.0.4664 (Windows 10.0.0) LOG: 'change subscription options success', undefined
,HeadlessChrome 96.0.4664 (Windows 10.0.0) LOG: 'server disconnected'
,HeadlessChrome 96.0.4664 (Windows 10.0.0) LOG: 'delete room success', 'Room deleted', 'roomId:', '61caedb9f90e8f055b3e5208'
,HeadlessChrome 96.0.4664 (Windows 10.0.0) LOG: '当前为第6测试用例', 'eyJ0b2tlbklkIjoiNjFjYWVkYjlmOTBlOGYwNTViM2U1MjA5IiwiaG9zdCI6IjE5Mi4xNjguMzEuMzE6ODA4MCIsInNlY3VyZSI6ZmFsc2UsInNpZ25hdHVyZSI6Ik5HWXpZbVUyTmpZMFl6ZzBZekl3T1dZek1HTmlaVFl4TVRsaVptTXdORE5pWmpGa09XWXdPRFU1WXpRM09UUTFPRGN5WWpjd01qaG1ZV000WlRSaFlRPT0ifQ==', t{addEventListener: function(t, n) { ... }, removeEventListener: function(t, n) { ... }, clearEventListener: function(t) { ... }, dispatchEvent: function(t) { ... }}, t{addEventListener: function(t, n) { ... }, removeEventListener: function(t, n) { ... }, clearEventListener: function(t) { ... }, dispatchEvent: function(t) { ... }, stop: function() { ... }, getStats: function() { ... }, getPCSenders: function() { ... }, mute: function(t) { ... }, unmute: function(t) { ... }}, t{addEventListener: function(t, n) { ... }, removeEventListener: function(t, n) { ... }, clearEventListener: function(t) { ... }, dispatchEvent: function(t) { ... }, stop: function() { ... }, getStats: function() { ... }, mute: function(t) { ... }, unmute: function(t) { ... }, applyOptions: function(t) { ... }}
,HeadlessChrome 96.0.4664 (Windows 10.0.0) ERROR: 'DEPRECATION: An asynchronous before/it/after function was defined with the async keyword but also took a done callback. This is not supported and will stop working in the future. Either remove the done callback (recommended) or remove the async keyword. (in spec: irtc test subscription apply options)'
,HeadlessChrome 96.0.4664 (Windows 10.0.0) ERROR: 'DEPRECATION: An asynchronous before/it/after function was defined with the async keyword but also took a done callback. This is not supported and will stop working in the future. Either remove the done callback (recommended) or remove the async keyword. (in spec: irtc test room create room ,update room,detail room ,room list,delete room相关基础测试)'
,HeadlessChrome 96.0.4664 (Windows 10.0.0) LOG: 'get authorization success'
,HeadlessChrome 96.0.4664 (Windows 10.0.0) LOG: 'change Authorization', 'MAuth realm=http://marte3.dit.upm.es,mauth_signature_method=HMAC_SHA256,mauth_serviceid=6130b4ed5de49f7e97616913,mauth_cnonce=596c4a668e13325a,mauth_timestamp=1640689082224,mauth_signature=YzIxOTFlMjk4ZGI5YmU5MDhjYzdhNGJlNGMzZWY4YTk2MzNkM2IzZGRlMzlmMzQ2ZDlmMjM2YTM2Y2FiYjc3OA=='
,HeadlessChrome 96.0.4664 (Windows 10.0.0) LOG: 'create room success', '{"__v":0,"name":"noah","_id":"61caedbaf90e8f055b3e520a","notifying":{"streamChange":true,"participantActivities":true},"transcoding":{"video":{"parameters":{"keyFrameInterval":true,"bitrate":true,"framerate":true,"resolution":true},"format":true},"audio":true},"mediaOut":{"video":{"parameters":{"keyFrameInterval":[100,30,5,2,1],"bitrate":["x0.8","x0.6","x0.4","x0.2"],"framerate":[6,12,15,24,30,48,60],"resolution":["x3/4","x2/3","x1/2","x1/3","x1/4","hd1080p","hd720p","svga","vga","qvga","cif"]},"format":[{"codec":"vp8"},{"profile":"CB","codec":"h264"},{"codec":"vp9"}]},"audio":[{"channelNum":2,"sampleRate":48000,"codec":"opus"},{"sampleRate":16000,"codec":"isac"},{"sampleRate":32000,"codec":"isac"},{"channelNum":1,"sampleRate":16000,"codec":"g722"},{"codec":"pcma"},{"codec":"pcmu"},{"channelNum":2,"sampleRate":48000,"codec":"aac"},{"codec":"ac3"},{"codec":"nellymoser"},{"codec":"ilbc"},{"codec":"pcm_8000_1"},{"codec":"pcm_16000_1"}]},"mediaIn":{"video":[{"codec":"h264"},{"codec":"vp8"},{"codec":"vp9"}],"audio":[{"channelNum":2,"sampleRate":48000,"codec":"opus"},{"sampleRate":16000,"codec":"isac"},{"sampleRate":32000,"codec":"isac"},{"channelNum":1,"sampleRate":16000,"codec":"g722"},{"codec":"pcma"},{"codec":"pcmu"},{"codec":"aac"},{"codec":"ac3"},{"codec":"nellymoser"},{"codec":"ilbc"},{"codec":"pcm_8000_1"},{"codec":"pcm_16000_1"}]},"views":[{"video":{"layout":{"templates":{"custom":[],"base":"fluid"},"fitPolicy":"letterbox"},"keepActiveInputPrimary":false,"bgColor":{"b":0,"g":0,"r":0},"motionFactor":0.8,"maxInput":16,"parameters":{"keyFrameInterval":100,"framerate":24,"resolution":{"height":480,"width":640}},"format":{"codec":"vp8"}},"audio":{"vad":true,"format":{"codec":"opus","sampleRate":48000,"channelNum":2}},"label":"common"}],"roles":[{"subscribe":{"video":true,"audio":true},"publish":{"video":true,"audio":true},"role":"presenter"},{"subscribe":{"video":true,"audio":true},"publish":{"video":false,"audio":false},"role":"viewer"},{"subscribe":{"video":false,"audio":true},"publish":{"video":false,"audio":true},"role":"audio_only_presenter"},{"subscribe":{"video":true,"audio":false},"publish":{"video":false,"audio":false},"role":"video_only_viewer"},{"subscribe":{"video":true,"audio":true},"publish":{"video":true,"audio":true},"role":"sip"}],"participantLimit":-1,"inputLimit":-1,"id":"61caedbaf90e8f055b3e520a"}'
,HeadlessChrome 96.0.4664 (Windows 10.0.0) LOG: 'change roomId', '61caedbaf90e8f055b3e520a'
,HeadlessChrome 96.0.4664 (Windows 10.0.0) LOG: 'get room list success', '[{"_id":"61caeabde796300561aab531","name":"noah","__v":0,"notifying":{"streamChange":true,"participantActivities":true},"transcoding":{"video":{"parameters":{"keyFrameInterval":true,"bitrate":true,"framerate":true,"resolution":true},"format":true},"audio":true},"mediaOut":{"video":{"parameters":{"keyFrameInterval":[100,30,5,2,1],"bitrate":["x0.8","x0.6","x0.4","x0.2"],"framerate":[6,12,15,24,30,48,60],"resolution":["x3/4","x2/3","x1/2","x1/3","x1/4","hd1080p","hd720p","svga","vga","qvga","cif"]},"format":[{"codec":"vp8"},{"codec":"h264","profile":"CB"},{"codec":"vp9"}]},"audio":[{"codec":"opus","sampleRate":48000,"channelNum":2},{"codec":"isac","sampleRate":16000},{"codec":"isac","sampleRate":32000},{"codec":"g722","sampleRate":16000,"channelNum":1},{"codec":"pcma"},{"codec":"pcmu"},{"codec":"aac","sampleRate":48000,"channelNum":2},{"codec":"ac3"},{"codec":"nellymoser"},{"codec":"ilbc"},{"codec":"pcm_8000_1"},{"codec":"pcm_16000_1"}]},"mediaIn":{"video":[{"codec":"h264"},{"codec":"vp8"},{"codec":"vp9"}],"audio":[{"codec":"opus","sampleRate":48000,"channelNum":2},{"codec":"isac","sampleRate":16000},{"codec":"isac","sampleRate":32000},{"codec":"g722","sampleRate":16000,"channelNum":1},{"codec":"pcma"},{"codec":"pcmu"},{"codec":"aac"},{"codec":"ac3"},{"codec":"nellymoser"},{"codec":"ilbc"},{"codec":"pcm_8000_1"},{"codec":"pcm_16000_1"}]},"views":[{"video":{"layout":{"templates":{"custom":[],"base":"fluid"},"fitPolicy":"letterbox"},"keepActiveInputPrimary":false,"bgColor":{"b":0,"g":0,"r":0},"motionFactor":0.8,"maxInput":16,"parameters":{"keyFrameInterval":100,"framerate":24,"resolution":{"height":480,"width":640}},"format":{"codec":"vp8"}},"audio":{"vad":true,"format":{"codec":"opus","sampleRate":48000,"channelNum":2}},"label":"common"}],"roles":[{"role":"presenter","publish":{"audio":true,"video":true},"subscribe":{"audio":true,"video":true}},{"role":"viewer","publish":{"audio":false,"video":false},"subscribe":{"audio":true,"video":true}},{"role":"audio_only_presenter","publish":{"audio":true,"video":false},"subscribe":{"audio":true,"video":false}},{"role":"video_only_viewer","publish":{"audio":false,"video":false},"subscribe":{"audio":false,"video":true}},{"role":"sip","publish":{"audio":true,"video":true},"subscribe":{"audio":true,"video":true}}],"participantLimit":-1,"inputLimit":-1,"id":"61caeabde796300561aab531"},{"_id":"61caead0c4231a055980add0","name":"noah","__v":0,"notifying":{"streamChange":true,"participantActivities":true},"transcoding":{"video":{"parameters":{"keyFrameInterval":true,"bitrate":true,"framerate":true,"resolution":true},"format":true},"audio":true},"mediaOut":{"video":{"parameters":{"keyFrameInterval":[100,30,5,2,1],"bitrate":["x0.8","x0.6","x0.4","x0.2"],"framerate":[6,12,15,24,30,48,60],"resolution":["x3/4","x2/3","x1/2","x1/3","x1/4","hd1080p","hd720p","svga","vga","qvga","cif"]},"format":[{"codec":"vp8"},{"codec":"h264","profile":"CB"},{"codec":"vp9"}]},"audio":[{"codec":"opus","sampleRate":48000,"channelNum":2},{"codec":"isac","sampleRate":16000},{"codec":"isac","sampleRate":32000},{"codec":"g722","sampleRate":16000,"channelNum":1},{"codec":"pcma"},{"codec":"pcmu"},{"codec":"aac","sampleRate":48000,"channelNum":2},{"codec":"ac3"},{"codec":"nellymoser"},{"codec":"ilbc"},{"codec":"pcm_8000_1"},{"codec":"pcm_16000_1"}]},"mediaIn":{"video":[{"codec":"h264"},{"codec":"vp8"},{"codec":"vp9"}],"audio":[{"codec":"opus","sampleRate":48000,"channelNum":2},{"codec":"isac","sampleRate":16000},{"codec":"isac","sampleRate":32000},{"codec":"g722","sampleRate":16000,"channelNum":1},{"codec":"pcma"},{"codec":"pcmu"},{"codec":"aac"},{"codec":"ac3"},{"codec":"nellymoser"},{"codec":"ilbc"},{"codec":"pcm_8000_1"},{"codec":"pcm_16000_1"}]},"views":[{"video":{"layout":{"templates":{"custom":[],"base":"fluid"},"fitPolicy":"letterbox"},"keepActiveInputPrimary":false,"bgColor":{"b":0,"g":0,"r":0},"motionFactor":0.8,"maxInput":16,"parameters":{"keyFrameInterval":100,"framerate":24,"resolution":{"height":480,"width":640}},"format":{"codec":"vp8"}},"audio":{"vad":true,"format":{"codec":"opus","sampleRate":48000,"channelNum":2}},"label":"common"}],"roles":[{"role":"presenter","publish":{"audio":true,"video":true},"subscribe":{"audio":true,"video":true}},{"role":"viewer","publish":{"audio":false,"video":false},"subscribe":{"audio":true,"video":true}},{"role":"audio_only_presenter","publish":{"audio":true,"video":false},"subscribe":{"audio":true,"video":false}},{"role":"video_only_viewer","publish":{"audio":false,"video":false},"subscribe":{"audio":false,"video":true}},{"role":"sip","publish":{"audio":true,"video":true},"subscribe":{"audio":true,"video":true}}],"participantLimit":-1,"inputLimit":-1,"id":"61caead0c4231a055980add0"},{"_id":"61caeaeb48371605551aadfa","name":"noah","__v":0,"notifying":{"streamChange":true,"participantActivities":true},"transcoding":{"video":{"parameters":{"keyFrameInterval":true,"bitrate":true,"framerate":true,"resolution":true},"format":true},"audio":true},"mediaOut":{"video":{"parameters":{"keyFrameInterval":[100,30,5,2,1],"bitrate":["x0.8","x0.6","x0.4","x0.2"],"framerate":[6,12,15,24,30,48,60],"resolution":["x3/4","x2/3","x1/2","x1/3","x1/4","hd1080p","hd720p","svga","vga","qvga","cif"]},"format":[{"codec":"vp8"},{"codec":"h264","profile":"CB"},{"codec":"vp9"}]},"audio":[{"codec":"opus","sampleRate":48000,"channelNum":2},{"codec":"isac","sampleRate":16000},{"codec":"isac","sampleRate":32000},{"codec":"g722","sampleRate":16000,"channelNum":1},{"codec":"pcma"},{"codec":"pcmu"},{"codec":"aac","sampleRate":48000,"channelNum":2},{"codec":"ac3"},{"codec":"nellymoser"},{"codec":"ilbc"},{"codec":"pcm_8000_1"},{"codec":"pcm_16000_1"}]},"mediaIn":{"video":[{"codec":"h264"},{"codec":"vp8"}
[...]
ampleRate":16000},{"codec":"isac","sampleRate":32000},{"codec":"g722","sampleRate":16000,"channelNum":1},{"codec":"pcma"},{"codec":"pcmu"},{"codec":"aac","sampleRate":48000,"channelNum":2},{"codec":"ac3"},{"codec":"nellymoser"},{"codec":"ilbc"},{"codec":"pcm_8000_1"},{"codec":"pcm_16000_1"}]},"mediaIn":{"video":[{"codec":"h264"},{"codec":"vp8"},{"codec":"vp9"}],"audio":[{"codec":"opus","sampleRate":48000,"channelNum":2},{"codec":"isac","sampleRate":16000},{"codec":"isac","sampleRate":32000},{"codec":"g722","sampleRate":16000,"channelNum":1},{"codec":"pcma"},{"codec":"pcmu"},{"codec":"aac"},{"codec":"ac3"},{"codec":"nellymoser"},{"codec":"ilbc"},{"codec":"pcm_8000_1"},{"codec":"pcm_16000_1"}]},"views":[{"video":{"layout":{"templates":{"custom":[],"base":"fluid"},"fitPolicy":"letterbox"},"keepActiveInputPrimary":false,"bgColor":{"b":0,"g":0,"r":0},"motionFactor":0.8,"maxInput":16,"parameters":{"keyFrameInterval":100,"framerate":24,"resolution":{"height":480,"width":640}},"format":{"codec":"vp8"}},"audio":{"vad":true,"format":{"codec":"opus","sampleRate":48000,"channelNum":2}},"label":"common"}],"roles":[{"role":"presenter","publish":{"audio":true,"video":true},"subscribe":{"audio":true,"video":true}},{"role":"viewer","publish":{"audio":false,"video":false},"subscribe":{"audio":true,"video":true}},{"role":"audio_only_presenter","publish":{"audio":true,"video":false},"subscribe":{"audio":true,"video":false}},{"role":"video_only_viewer","publish":{"audio":false,"video":false},"subscribe":{"audio":false,"video":true}},{"role":"sip","publish":{"audio":true,"video":true},"subscribe":{"audio":true,"video":true}}],"participantLimit":-1,"inputLimit":-1,"id":"61caece548371605551aae04"},{"_id":"61caed1048371605551aae05","name":"noah","__v":0,"notifying":{"streamChange":true,"participantActivities":true},"transcoding":{"video":{"parameters":{"keyFrameInterval":true,"bitrate":true,"framerate":true,"resolution":true},"format":true},"audio":true},"mediaOut":{"video":{"parameters":{"keyFrameInterval":[100,30,5,2,1],"bitrate":["x0.8","x0.6","x0.4","x0.2"],"framerate":[6,12,15,24,30,48,60],"resolution":["x3/4","x2/3","x1/2","x1/3","x1/4","hd1080p","hd720p","svga","vga","qvga","cif"]},"format":[{"codec":"vp8"},{"codec":"h264","profile":"CB"},{"codec":"vp9"}]},"audio":[{"codec":"opus","sampleRate":48000,"channelNum":2},{"codec":"isac","sampleRate":16000},{"codec":"isac","sampleRate":32000},{"codec":"g722","sampleRate":16000,"channelNum":1},{"codec":"pcma"},{"codec":"pcmu"},{"codec":"aac","sampleRate":48000,"channelNum":2},{"codec":"ac3"},{"codec":"nellymoser"},{"codec":"ilbc"},{"codec":"pcm_8000_1"},{"codec":"pcm_16000_1"}]},"mediaIn":{"video":[{"codec":"h264"},{"codec":"vp8"},{"codec":"vp9"}],"audio":[{"codec":"opus","sampleRate":48000,"channelNum":2},{"codec":"isac","sampleRate":16000},{"codec":"isac","sampleRate":32000},{"codec":"g722","sampleRate":16000,"channelNum":1},{"codec":"pcma"},{"codec":"pcmu"},{"codec":"aac"},{"codec":"ac3"},{"codec":"nellymoser"},{"codec":"ilbc"},{"codec":"pcm_8000_1"},{"codec":"pcm_16000_1"}]},"views":[{"video":{"layout":{"templates":{"custom":[],"base":"fluid"},"fitPolicy":"letterbox"},"keepActiveInputPrimary":false,"bgColor":{"b":0,"g":0,"r":0},"motionFactor":0.8,"maxInput":16,"parameters":{"keyFrameInterval":100,"framerate":24,"resolution":{"height":480,"width":640}},"format":{"codec":"vp8"}},"audio":{"vad":true,"format":{"codec":"opus","sampleRate":48000,"channelNum":2}},"label":"common"}],"roles":[{"role":"presenter","publish":{"audio":true,"video":true},"subscribe":{"audio":true,"video":true}},{"role":"viewer","publish":{"audio":false,"video":false},"subscribe":{"audio":true,"video":true}},{"role":"audio_only_presenter","publish":{"audio":true,"video":false},"subscribe":{"audio":true,"video":false}},{"role":"video_only_viewer","publish":{"audio":false,"video":false},"subscribe":{"audio":false,"video":true}},{"role":"sip","publish":{"audio":true,"video":true},"subscribe":{"audio":true,"video":true}}],"participantLimit":-1,"inputLimit":-1,"id":"61caed1048371605551aae05"},{"_id":"61caed1ce796300561aab54d","name":"noah","__v":0,"notifying":{"streamChange":true,"participantActivities":true},"transcoding":{"video":{"parameters":{"keyFrameInterval":true,"bitrate":true,"framerate":true,"resolution":true},"format":true},"audio":true},"mediaOut":{"video":{"parameters":{"keyFrameInterval":[100,30,5,2,1],"bitrate":["x0.8","x0.6","x0.4","x0.2"],"framerate":[6,12,15,24,30,48,60],"resolution":["x3/4","x2/3","x1/2","x1/3","x1/4","hd1080p","hd720p","svga","vga","qvga","cif"]},"format":[{"codec":"vp8"},{"codec":"h264","profile":"CB"},{"codec":"vp9"}]},"audio":[{"codec":"opus","sampleRate":48000,"channelNum":2},{"codec":"isac","sampleRate":16000},{"codec":"isac","sampleRate":32000},{"codec":"g722","sampleRate":16000,"channelNum":1},{"codec":"pcma"},{"codec":"pcmu"},{"codec":"aac","sampleRate":48000,"channelNum":2},{"codec":"ac3"},{"codec":"nellymoser"},{"codec":"ilbc"},{"codec":"pcm_8000_1"},{"codec":"pcm_16000_1"}]},"mediaIn":{"video":[{"codec":"h264"},{"codec":"vp8"},{"codec":"vp9"}],"audio":[{"codec":"opus","sampleRate":48000,"channelNum":2},{"codec":"isac","sampleRate":16000},{"codec":"isac","sampleRate":32000},{"codec":"g722","sampleRate":16000,"channelNum":1},{"codec":"pcma"},{"codec":"pcmu"},{"codec":"aac"},{"codec":"ac3"},{"codec":"nellymoser"},{"codec":"ilbc"},{"codec":"pcm_8000_1"},{"codec":"pcm_16000_1"}]},"views":[{"video":{"layout":{"templates":{"custom":[],"base":"fluid"},"fitPolicy":"letterbox"},"keepActiveInputPrimary":false,"bgColor":{"b":0,"g":0,"r":0},"motionFactor":0.8,"maxInput":16,"parameters":{"keyFrameInterval":100,"framerate":24,"resolution":{"height":480,"width":640}},"format":{"codec":"vp8"}},"audio":{"vad":true,"format":{"codec":"opus","sampleRate":48000,"channelNum":2}},"label":"common"}],"roles":[{"role":"presenter","publish":{"audio":true,"video":true},"subscribe":{"audio":true,"video":true}},{"role":"viewer","publish":{"audio":false,"video":false},"subscribe":{"audio":true,"video":true}},{"role":"audio_only_presenter","publish":{"audio":true,"video":false},"subscribe":{"audio":true,"video":false}},{"role":"video_only_viewer","publish":{"audio":false,"video":false},"subscribe":{"audio":false,"video":true}},{"role":"sip","publish":{"audio":true,"video":true},"subscribe":{"audio":true,"video":true}}],"participantLimit":-1,"inputLimit":-1,"id":"61caed1ce796300561aab54d"},{"_id":"61caed26f90e8f055b3e51f6","name":"noah","__v":0,"notifying":{"streamChange":true,"participantActivities":true},"transcoding":{"video":{"parameters":{"keyFrameInterval":true,"bitrate":true,"framerate":true,"resolution":true},"format":true},"audio":true},"mediaOut":{"video":{"parameters":{"keyFrameInterval":[100,30,5,2,1],"bitrate":["x0.8","x0.6","x0.4","x0.2"],"framerate":[6,12,15,24,30,48,60],"resolution":["x3/4","x2/3","x1/2","x1/3","x1/4","hd1080p","hd720p","svga","vga","qvga","cif"]},"format":[{"codec":"vp8"},{"codec":"h264","profile":"CB"},{"codec":"vp9"}]},"audio":[{"codec":"opus","sampleRate":48000,"channelNum":2},{"codec":"isac","sampleRate":16000},{"codec":"isac","sampleRate":32000},{"codec":"g722","sampleRate":16000,"channelNum":1},{"codec":"pcma"},{"codec":"pcmu"},{"codec":"aac","sampleRate":48000,"channelNum":2},{"codec":"ac3"},{"codec":"nellymoser"},{"codec":"ilbc"},{"codec":"pcm_8000_1"},{"codec":"pcm_16000_1"}]},"mediaIn":{"video":[{"codec":"h264"},{"codec":"vp8"},{"codec":"vp9"}],"audio":[{"codec":"opus","sampleRate":48000,"channelNum":2},{"codec":"isac","sampleRate":16000},{"codec":"isac","sampleRate":32000},{"codec":"g722","sampleRate":16000,"channelNum":1},{"codec":"pcma"},{"codec":"pcmu"},{"codec":"aac"},{"codec":"ac3"},{"codec":"nellymoser"},{"codec":"ilbc"},{"codec":"pcm_8000_1"},{"codec":"pcm_16000_1"}]},"views":[{"video":{"layout":{"templates":{"custom":[],"base":"fluid"},"fitPolicy":"letterbox"},"keepActiveInputPrimary":false,"bgColor":{"b":0,"g":0,"r":0},"motionFactor":0.8,"maxInput":16,"parameters":{"keyFrameInterval":100,"framerate":24,"resolution":{"height":480,"width":640}},"format":{"codec":"vp8"}},"audio":{"vad":true,"format":{"codec":"opus","sampleRate":48000,"channelNum":2}},"label":"common"}],"roles":[{"role":"presenter","publish":{"audio":true,"video":true},"subscribe":{"audio":true,"video":true}},{"role":"viewer","publish":{"audio":false,"video":false},"subscribe":{"audio":true,"video":true}},{"role":"audio_only_presenter","publish":{"audio":true,"video":false},"subscribe":{"audio":true,"video":false}},{"role":"video_only_viewer","publish":{"audio":false,"video":false},"subscribe":{"audio":false,"video":true}},{"role":"sip","publish":{"audio":true,"video":true},"subscribe":{"audio":true,"video":true}}],"participantLimit":-1,"inputLimit":-1,"id":"61caed26f90e8f055b3e51f6"},{"_id":"61caed9048371605551aae0c","name":"noah","__v":0,"notifying":{"streamChange":true,"participantActivities":true},"transcoding":{"video":{"parameters":{"keyFrameInterval":true,"bitrate":true,"framerate":true,"resolution":true},"format":true},"audio":true},"mediaOut":{"video":{"parameters":{"keyFrameInterval":[100,30,5,2,1],"bitrate":["x0.8","x0.6","x0.4","x0.2"],"framerate":[6,12,15,24,30,48,60],"resolution":["x3/4","x2/3","x1/2","x1/3","x1/4","hd1080p","hd720p","svga","vga","qvga","cif"]},"format":[{"codec":"vp8"},{"codec":"h264","profile":"CB"},{"codec":"vp9"}]},"audio":[{"codec":"opus","sampleRate":48000,"channelNum":2},{"codec":"isac","sampleRate":16000},{"codec":"isac","sampleRate":32000},{"codec":"g722","sampleRate":16000,"channelNum":1},{"codec":"pcma"},{"codec":"pcmu"},{"codec":"aac","sampleRate":48000,"channelNum":2},{"codec":"ac3"},{"codec":"nellymoser"},{"codec":"ilbc"},{"codec":"pcm_8000_1"},{"codec":"pcm_16000_1"}]},"mediaIn":{"video":[{"codec":"h264"},{"codec":"vp8"},{"codec":"vp9"}],"audio":[{"codec":"opus","sampleRate":48000,"channelNum":2},{"codec":"isac","sampleRate":16000},{"codec":"isac","sampleRate":32000},{"codec":"g722","sampleRate":16000,"channelNum":1},{"codec":"pcma"},{"codec":"pcmu"},{"codec":"aac"},{"codec":"ac3"},{"codec":"nellymoser"},{"codec":"ilbc"},{"codec":"pcm_8000_1"},{"codec":"pcm_16000_1"}]},"views":[{"video":{"layout":{"templates":{"custom":[],"base":"fluid"},"fitPolicy":"letterbox"},"keepActiveInputPrimary":false,"bgColor":{"b":0,"g":0,"r":0},"motionFactor":0.8,"maxInput":16,"parameters":{"keyFrameInterval":100,"framerate":24,"resolution":{"height":480,"width":640}},"format":{"codec":"vp8"}},"audio":{"vad":true,"format":{"codec":"opus","sampleRate":48000,"channelNum":2}},"label":"common"}],"roles":[{"role":"presenter","publish":{"audio":true,"video":true},"subscribe":{"audio":true,"video":true}},{"role":"viewer","publish":{"audio":false,"video":false},"subscribe":{"audio":true,"video":true}},{"role":"audio_only_presenter","publish":{"audio":true,"video":false},"subscribe":{"audio":true,"video":false}},{"role":"video_only_viewer","publish":{"audio":false,"video":false},"subscribe":{"audio":false,"video":true}},{"role":"sip","publish":{"audio":true,"video":true},"subscribe":{"audio":true,"video":true}}],"participantLimit":-1,"inputLimit":-1,"id":"61caed9048371605551aae0c"},{"_id":"61caedbaf90e8f055b3e520a","name":"noah","__v":0,"notifying":{"streamChange":true,"participantActivities":true},"transcoding":{"video":{"parameters":{"keyFrameInterval":true,"bitrate":true,"framerate":true,"resolution":true},"format":true},"audio":true},"mediaOut":{"video":{"parameters":{"keyFrameInterval":[100,30,5,2,1],"bitrate":["x0.8","x0.6","x0.4","x0.2"],"framerate":[6,12,15,24,30,48,60],"resolution":["x3/4","x2/3","x1/2","x1/3","x1/4","hd1080p","hd720p","svga","vga","qvga","cif"]},"format":[{"codec":"vp8"},{"codec":"h264","profile":"CB"},{"codec":"vp9"}]},"audio":[{"codec":"opus","sampleRate":48000,"channelNum":2},{"codec":"isac","sampleRate":16000},{"codec":"isac","sampleRate":32000},{"codec":"g722","sampleRate":16000,"channelNum":1},{"codec":"pcma"},{"codec":"pcmu"},{"codec":"aac","sampleRate":48000,"channelNum":2},{"codec":"ac3"},{"codec":"nellymoser"},{"codec":"ilbc"},{"codec":"pcm_8000_1"},{"codec":"pcm_16000_1"}]},"mediaIn":{"video":[{"codec":"h264"},{"codec":"vp8"},{"codec":"vp9"}],"audio":[{"codec":"opus","sampleRate":48000,"channelNum":2},{"codec":"isac","sampleRate":16000},{"codec":"isac","sampleRate":32000},{"codec":"g722","sampleRate":16000,"channelNum":1},{"codec":"pcma"},{"codec":"pcmu"},{"codec":"aac"},{"codec":"ac3"},{"codec":"nellymoser"},{"codec":"ilbc"},{"codec":"pcm_8000_1"},{"codec":"pcm_16000_1"}]},"views":[{"video":{"layout":{"templates":{"custom":[],"base":"fluid"},"fitPolicy":"letterbox"},"keepActiveInputPrimary":false,"bgColor":{"b":0,"g":0,"r":0},"motionFactor":0.8,"maxInput":16,"parameters":{"keyFrameInterval":100,"framerate":24,"resolution":{"height":480,"width":640}},"format":{"codec":"vp8"}},"audio":{"vad":true,"format":{"codec":"opus","sampleRate":48000,"channelNum":2}},"label":"common"}],"roles":[{"role":"presenter","publish":{"audio":true,"video":true},"subscribe":{"audio":true,"video":true}},{"role":"viewer","publish":{"audio":false,"video":false},"subscribe":{"audio":true,"video":true}},{"role":"audio_only_presenter","publish":{"audio":true,"video":false},"subscribe":{"audio":true,"video":false}},{"role":"video_only_viewer","publish":{"audio":false,"video":false},"subscribe":{"audio":false,"video":true}},{"role":"sip","publish":{"audio":true,"video":true},"subscribe":{"audio":true,"video":true}}],"participantLimit":-1,"inputLimit":-1,"id":"61caedbaf90e8f055b3e520a"}]'
,HeadlessChrome 96.0.4664 (Windows 10.0.0) LOG: 'update room success', '{"_id":"61caedbaf90e8f055b3e520a","name":"noah","__v":1,"notifying":{"streamChange":true,"participantActivities":true},"transcoding":{"video":{"parameters":{"keyFrameInterval":true,"bitrate":true,"framerate":true,"resolution":true},"format":true},"audio":true},"mediaOut":{"video":{"parameters":{"keyFrameInterval":[100,30,5,2,1],"bitrate":["x0.8","x0.6","x0.4","x0.2"],"framerate":[6,12,15,24,30,48,60],"resolution":["x3/4","x2/3","x1/2","x1/3","x1/4","hd1080p","hd720p","svga","vga","qvga","cif"]},"format":[{"codec":"vp8"},{"codec":"h264","profile":"CB"},{"codec":"vp9"}]},"audio":[{"codec":"opus","sampleRate":48000,"channelNum":2},{"codec":"isac","sampleRate":16000},{"codec":"isac","sampleRate":32000},{"codec":"g722","sampleRate":16000,"channelNum":1},{"codec":"pcma"},{"codec":"pcmu"},{"codec":"aac","sampleRate":48000,"channelNum":2},{"codec":"ac3"},{"codec":"nellymoser"},{"codec":"ilbc"},{"codec":"pcm_8000_1"},{"codec":"pcm_16000_1"}]},"mediaIn":{"video":[{"codec":"h264"},{"codec":"vp8"},{"codec":"vp9"}],"audio":[{"codec":"opus","sampleRate":48000,"channelNum":2},{"codec":"isac","sampleRate":16000},{"codec":"isac","sampleRate":32000},{"codec":"g722","sampleRate":16000,"channelNum":1},{"codec":"pcma"},{"codec":"pcmu"},{"codec":"aac"},{"codec":"ac3"},{"codec":"nellymoser"},{"codec":"ilbc"},{"codec":"pcm_8000_1"},{"codec":"pcm_16000_1"}]},"views":[{"video":{"layout":{"templates":{"custom":[],"base":"fluid"},"fitPolicy":"letterbox"},"keepActiveInputPrimary":false,"bgColor":{"b":0,"g":0,"r":0},"motionFactor":0.8,"maxInput":16,"parameters":{"keyFrameInterval":100,"framerate":24,"resolution":{"height":480,"width":640}},"format":{"codec":"vp8"}},"audio":{"vad":true,"format":{"codec":"opus","sampleRate":48000,"channelNum":2}},"label":"common"}],"roles":[{"role":"presenter","publish":{"audio":true,"video":true},"subscribe":{"audio":true,"video":true}},{"role":"viewer","publish":{"audio":false,"video":false},"subscribe":{"audio":true,"video":true}},{"role":"audio_only_presenter","publish":{"audio":true,"video":false},"subscribe":{"audio":true,"video":false}},{"role":"video_only_viewer","publish":{"audio":false,"video":false},"subscribe":{"audio":false,"video":true}},{"role":"sip","publish":{"audio":true,"video":true},"subscribe":{"audio":true,"video":true}}],"participantLimit":-1,"inputLimit":-1,"id":"61caedbaf90e8f055b3e520a"}'
,HeadlessChrome 96.0.4664 (Windows 10.0.0) LOG: 'get room detail success', '{"_id":"61caedbaf90e8f055b3e520a","name":"noah","notifying":{"streamChange":true,"participantActivities":true},"transcoding":{"video":{"parameters":{"keyFrameInterval":true,"bitrate":true,"framerate":true,"resolution":true},"format":true},"audio":true},"mediaOut":{"video":{"parameters":{"keyFrameInterval":[100,30,5,2,1],"bitrate":["x0.8","x0.6","x0.4","x0.2"],"framerate":[6,12,15,24,30,48,60],"resolution":["x3/4","x2/3","x1/2","x1/3","x1/4","hd1080p","hd720p","svga","vga","qvga","cif"]},"format":[{"codec":"vp8"},{"profile":"CB","codec":"h264"},{"codec":"vp9"}]},"audio":[{"channelNum":2,"sampleRate":48000,"codec":"opus"},{"sampleRate":16000,"codec":"isac"},{"sampleRate":32000,"codec":"isac"},{"channelNum":1,"sampleRate":16000,"codec":"g722"},{"codec":"pcma"},{"codec":"pcmu"},{"channelNum":2,"sampleRate":48000,"codec":"aac"},{"codec":"ac3"},{"codec":"nellymoser"},{"codec":"ilbc"},{"codec":"pcm_8000_1"},{"codec":"pcm_16000_1"}]},"mediaIn":{"video":[{"codec":"h264"},{"codec":"vp8"},{"codec":"vp9"}],"audio":[{"channelNum":2,"sampleRate":48000,"codec":"opus"},{"sampleRate":16000,"codec":"isac"},{"sampleRate":32000,"codec":"isac"},{"channelNum":1,"sampleRate":16000,"codec":"g722"},{"codec":"pcma"},{"codec":"pcmu"},{"codec":"aac"},{"codec":"ac3"},{"codec":"nellymoser"},{"codec":"ilbc"},{"codec":"pcm_8000_1"},{"codec":"pcm_16000_1"}]},"views":[{"video":{"layout":{"templates":{"custom":[],"base":"fluid"},"fitPolicy":"letterbox"},"keepActiveInputPrimary":false,"bgColor":{"b":0,"g":0,"r":0},"motionFactor":0.8,"maxInput":16,"parameters":{"keyFrameInterval":100,"framerate":24,"resolution":{"height":480,"width":640}},"format":{"codec":"vp8"}},"audio":{"vad":true,"format":{"codec":"opus","sampleRate":48000,"channelNum":2}},"label":"common"}],"roles":[{"subscribe":{"video":true,"audio":true},"publish":{"video":true,"audio":true},"role":"presenter"},{"subscribe":{"video":true,"audio":true},"publish":{"video":false,"audio":false},"role":"viewer"},{"subscribe":{"video":false,"audio":true},"publish":{"video":false,"audio":true},"role":"audio_only_presenter"},{"subscribe":{"video":true,"audio":false},"publish":{"video":false,"audio":false},"role":"video_only_viewer"},{"subscribe":{"video":true,"audio":true},"publish":{"video":true,"audio":true},"role":"sip"}],"participantLimit":-1,"inputLimit":-1,"__v":1}'
,HeadlessChrome 96.0.4664 (Windows 10.0.0) LOG: 'delete room success', 'Room deleted', 'roomId:', '61caedbaf90e8f055b3e520a'
,HeadlessChrome 96.0.4664 (Windows 10.0.0) LOG: '当前为第7测试用例', 'eyJ0b2tlbklkIjoiNjFjYWVkYjlmOTBlOGYwNTViM2U1MjA5IiwiaG9zdCI6IjE5Mi4xNjguMzEuMzE6ODA4MCIsInNlY3VyZSI6ZmFsc2UsInNpZ25hdHVyZSI6Ik5HWXpZbVUyTmpZMFl6ZzBZekl3T1dZek1HTmlaVFl4TVRsaVptTXdORE5pWmpGa09XWXdPRFU1WXpRM09UUTFPRGN5WWpjd01qaG1ZV000WlRSaFlRPT0ifQ==', t{addEventListener: function(t, n) { ... }, removeEventListener: function(t, n) { ... }, clearEventListener: function(t) { ... }, dispatchEvent: function(t) { ... }}, t{addEventListener: function(t, n) { ... }, removeEventListener: function(t, n) { ... }, clearEventListener: function(t) { ... }, dispatchEvent: function(t) { ... }, stop: function() { ... }, getStats: function() { ... }, getPCSenders: function() { ... }, mute: function(t) { ... }, unmute: function(t) { ... }}, t{addEventListener: function(t, n) { ... }, removeEventListener: function(t, n) { ... }, clearEventListener: function(t) { ... }, dispatchEvent: function(t) { ... }, stop: function() { ... }, getStats: function() { ... }, mute: function(t) { ... }, unmute: function(t) { ... }, applyOptions: function(t) { ... }}
,HeadlessChrome 96.0.4664 (Windows 10.0.0) ERROR: 'DEPRECATION: An asynchronous before/it/after function was defined with the async keyword but also took a done callback. This is not supported and will stop working in the future. Either remove the done callback (recommended) or remove the async keyword. (in spec: irtc test room create room ,update room,detail room ,room list,delete room相关基础测试)'

]]>
  </system-out>
  <system-err/>
</testsuite>